root - INFO - ## GC content probabilities files
root - INFO - ACTION	compute GC content probabilities file for sample SAMD00491646
root - INFO - FILE	output/SAMD00491646.gc.tsv
root - INFO - ACTION	compute GC content probabilities file for sample SAMN02298816
root - INFO - FILE	output/SAMN02298816.gc.tsv
root - INFO - ACTION	compute GC content probabilities file for sample SAMEA8911316
root - INFO - FILE	output/SAMEA8911316.gc.tsv
root - INFO - ## Prepare temporary FASTA/GFA files
root - INFO - ACTION	copy assembly files for sample SAMD00491646
root - INFO - FILE	preprocessing_tmp/SAMD00491646.gfa
root - INFO - FILE	preprocessing_tmp/SAMD00491646.gfa.fasta
root - INFO - ACTION	copy assembly files for sample SAMN02298816
root - INFO - FILE	preprocessing_tmp/SAMN02298816.gfa
root - INFO - FILE	preprocessing_tmp/SAMN02298816.gfa.fasta
root - INFO - ACTION	copy assembly files for sample SAMEA8911316
root - INFO - FILE	preprocessing_tmp/SAMEA8911316.gfa
root - INFO - FILE	preprocessing_tmp/SAMEA8911316.gfa.fasta
root - INFO - ## Mapping plasmid genes database to sample contigs
root - INFO - ACTION Computing genes to contigs mappings for SAMD00491646
root - INFO - ACTION	compute blast database for preprocessing_tmp/SAMD00491646.gfa.fasta: preprocessing_tmp/SAMD00491646.gfa.fasta.db
root - INFO - COMMAND makeblastdb -in preprocessing_tmp/SAMD00491646.gfa.fasta -dbtype nucl -out preprocessing_tmp/SAMD00491646.gfa.fasta.db
root - INFO - STDOUT:


Building a new DB, current time: 09/02/2023 11:55:34
New DB name:   /project/6069942/PLASMIDS/USRA_PLASMIDS_2023/bin/PlasBin-flow/example_2/preprocessing/preprocessing_tmp/SAMD00491646.gfa.fasta.db
New DB title:  preprocessing_tmp/SAMD00491646.gfa.fasta
Sequence type: Nucleotide
Keep MBits: T
Maximum file size: 1000000000B
Adding sequences from FASTA; added 84 sequences in 0.0290139 seconds.



root - INFO - STDOUT:


Building a new DB, current time: 09/02/2023 11:55:35
New DB name:   /project/6069942/PLASMIDS/USRA_PLASMIDS_2023/bin/PlasBin-flow/example_2/preprocessing/preprocessing_tmp/SAMD00491646.gfa.fasta.db
New DB title:  preprocessing_tmp/SAMD00491646.gfa.fasta
Sequence type: Nucleotide
Deleted existing Nucleotide BLAST database named /project/6069942/PLASMIDS/USRA_PLASMIDS_2023/bin/PlasBin-flow/example_2/preprocessing/preprocessing_tmp/SAMD00491646.gfa.fasta.db
Keep MBits: T
Maximum file size: 1000000000B
Adding sequences from FASTA; added 84 sequences in 0.048017 seconds.



root - INFO - STDOUT:


Building a new DB, current time: 09/02/2023 11:55:36
New DB name:   /project/6069942/PLASMIDS/USRA_PLASMIDS_2023/bin/PlasBin-flow/example_2/preprocessing/preprocessing_tmp/SAMD00491646.gfa.fasta.db
New DB title:  preprocessing_tmp/SAMD00491646.gfa.fasta
Sequence type: Nucleotide
Deleted existing Nucleotide BLAST database named /project/6069942/PLASMIDS/USRA_PLASMIDS_2023/bin/PlasBin-flow/example_2/preprocessing/preprocessing_tmp/SAMD00491646.gfa.fasta.db
Keep MBits: T
Maximum file size: 1000000000B
Adding sequences from FASTA; added 84 sequences in 0.095243 seconds.



root - INFO - STDOUT:


Building a new DB, current time: 09/02/2023 11:55:45
New DB name:   /project/6069942/PLASMIDS/USRA_PLASMIDS_2023/bin/PlasBin-flow/example_2/preprocessing/preprocessing_tmp/SAMD00491646.gfa.fasta.db
New DB title:  preprocessing_tmp/SAMD00491646.gfa.fasta
Sequence type: Nucleotide
Deleted existing Nucleotide BLAST database named /project/6069942/PLASMIDS/USRA_PLASMIDS_2023/bin/PlasBin-flow/example_2/preprocessing/preprocessing_tmp/SAMD00491646.gfa.fasta.db
Keep MBits: T
Maximum file size: 1000000000B
Adding sequences from FASTA; added 84 sequences in 0.07779 seconds.



root - INFO - STDOUT:


Building a new DB, current time: 09/02/2023 11:55:45
New DB name:   /project/6069942/PLASMIDS/USRA_PLASMIDS_2023/bin/PlasBin-flow/example_2/preprocessing/preprocessing_tmp/SAMD00491646.gfa.fasta.db
New DB title:  preprocessing_tmp/SAMD00491646.gfa.fasta
Sequence type: Nucleotide
Deleted existing Nucleotide BLAST database named /project/6069942/PLASMIDS/USRA_PLASMIDS_2023/bin/PlasBin-flow/example_2/preprocessing/preprocessing_tmp/SAMD00491646.gfa.fasta.db
Keep MBits: T
Maximum file size: 1000000000B
Adding sequences from FASTA; added 84 sequences in 0.0831971 seconds.



root - INFO - ACTION	map ../tuning/output/pls.genes.fasta to preprocessing_tmp/SAMD00491646.gfa.fasta.db
root - INFO - COMMAND blastn -task megablast -query ../tuning/output/pls.genes.fasta -db preprocessing_tmp/SAMD00491646.gfa.fasta.db -out output/SAMD00491646.genes_mappings.txt -outfmt 6
root - INFO - STDOUT:

root - INFO - STDOUT:

root - INFO - STDOUT:

root - INFO - STDOUT:

root - INFO - STDOUT:

root - INFO - FILE	output/SAMD00491646.genes_mappings.txt
root - INFO - ACTION Computing genes to contigs mappings for SAMN02298816
root - INFO - ACTION	compute blast database for preprocessing_tmp/SAMN02298816.gfa.fasta: preprocessing_tmp/SAMN02298816.gfa.fasta.db
root - INFO - COMMAND makeblastdb -in preprocessing_tmp/SAMN02298816.gfa.fasta -dbtype nucl -out preprocessing_tmp/SAMN02298816.gfa.fasta.db
root - INFO - STDOUT:


Building a new DB, current time: 09/02/2023 11:55:47
New DB name:   /project/6069942/PLASMIDS/USRA_PLASMIDS_2023/bin/PlasBin-flow/example_2/preprocessing/preprocessing_tmp/SAMN02298816.gfa.fasta.db
New DB title:  preprocessing_tmp/SAMN02298816.gfa.fasta
Sequence type: Nucleotide
Keep MBits: T
Maximum file size: 1000000000B
Adding sequences from FASTA; added 75 sequences in 0.0561731 seconds.



root - INFO - STDOUT:


Building a new DB, current time: 09/02/2023 11:55:56
New DB name:   /project/6069942/PLASMIDS/USRA_PLASMIDS_2023/bin/PlasBin-flow/example_2/preprocessing/preprocessing_tmp/SAMN02298816.gfa.fasta.db
New DB title:  preprocessing_tmp/SAMN02298816.gfa.fasta
Sequence type: Nucleotide
Deleted existing Nucleotide BLAST database named /project/6069942/PLASMIDS/USRA_PLASMIDS_2023/bin/PlasBin-flow/example_2/preprocessing/preprocessing_tmp/SAMN02298816.gfa.fasta.db
Keep MBits: T
Maximum file size: 1000000000B
Adding sequences from FASTA; added 75 sequences in 0.0278711 seconds.



root - INFO - STDOUT:


Building a new DB, current time: 09/02/2023 11:55:57
New DB name:   /project/6069942/PLASMIDS/USRA_PLASMIDS_2023/bin/PlasBin-flow/example_2/preprocessing/preprocessing_tmp/SAMN02298816.gfa.fasta.db
New DB title:  preprocessing_tmp/SAMN02298816.gfa.fasta
Sequence type: Nucleotide
Deleted existing Nucleotide BLAST database named /project/6069942/PLASMIDS/USRA_PLASMIDS_2023/bin/PlasBin-flow/example_2/preprocessing/preprocessing_tmp/SAMN02298816.gfa.fasta.db
Keep MBits: T
Maximum file size: 1000000000B
Adding sequences from FASTA; added 75 sequences in 0.040221 seconds.



root - INFO - STDOUT:


Building a new DB, current time: 09/02/2023 11:56:07
New DB name:   /project/6069942/PLASMIDS/USRA_PLASMIDS_2023/bin/PlasBin-flow/example_2/preprocessing/preprocessing_tmp/SAMN02298816.gfa.fasta.db
New DB title:  preprocessing_tmp/SAMN02298816.gfa.fasta
Sequence type: Nucleotide
Deleted existing Nucleotide BLAST database named /project/6069942/PLASMIDS/USRA_PLASMIDS_2023/bin/PlasBin-flow/example_2/preprocessing/preprocessing_tmp/SAMN02298816.gfa.fasta.db
Keep MBits: T
Maximum file size: 1000000000B
Adding sequences from FASTA; added 75 sequences in 0.119845 seconds.



root - INFO - STDOUT:


Building a new DB, current time: 09/02/2023 11:56:44
New DB name:   /project/6069942/PLASMIDS/USRA_PLASMIDS_2023/bin/PlasBin-flow/example_2/preprocessing/preprocessing_tmp/SAMN02298816.gfa.fasta.db
New DB title:  preprocessing_tmp/SAMN02298816.gfa.fasta
Sequence type: Nucleotide
Deleted existing Nucleotide BLAST database named /project/6069942/PLASMIDS/USRA_PLASMIDS_2023/bin/PlasBin-flow/example_2/preprocessing/preprocessing_tmp/SAMN02298816.gfa.fasta.db
Keep MBits: T
Maximum file size: 1000000000B
Adding sequences from FASTA; added 75 sequences in 0.0845959 seconds.



root - INFO - ACTION	map ../tuning/output/pls.genes.fasta to preprocessing_tmp/SAMN02298816.gfa.fasta.db
root - INFO - COMMAND blastn -task megablast -query ../tuning/output/pls.genes.fasta -db preprocessing_tmp/SAMN02298816.gfa.fasta.db -out output/SAMN02298816.genes_mappings.txt -outfmt 6
root - INFO - STDOUT:

root - INFO - STDOUT:

root - INFO - STDOUT:

root - INFO - STDOUT:

root - INFO - STDOUT:

root - INFO - FILE	output/SAMN02298816.genes_mappings.txt
root - INFO - ACTION Computing genes to contigs mappings for SAMEA8911316
root - INFO - ACTION	compute blast database for preprocessing_tmp/SAMEA8911316.gfa.fasta: preprocessing_tmp/SAMEA8911316.gfa.fasta.db
root - INFO - COMMAND makeblastdb -in preprocessing_tmp/SAMEA8911316.gfa.fasta -dbtype nucl -out preprocessing_tmp/SAMEA8911316.gfa.fasta.db
root - INFO - STDOUT:


Building a new DB, current time: 09/02/2023 11:56:46
New DB name:   /project/6069942/PLASMIDS/USRA_PLASMIDS_2023/bin/PlasBin-flow/example_2/preprocessing/preprocessing_tmp/SAMEA8911316.gfa.fasta.db
New DB title:  preprocessing_tmp/SAMEA8911316.gfa.fasta
Sequence type: Nucleotide
Keep MBits: T
Maximum file size: 1000000000B
Adding sequences from FASTA; added 63 sequences in 0.063477 seconds.



root - INFO - STDOUT:


Building a new DB, current time: 09/02/2023 11:56:46
New DB name:   /project/6069942/PLASMIDS/USRA_PLASMIDS_2023/bin/PlasBin-flow/example_2/preprocessing/preprocessing_tmp/SAMEA8911316.gfa.fasta.db
New DB title:  preprocessing_tmp/SAMEA8911316.gfa.fasta
Sequence type: Nucleotide
Deleted existing Nucleotide BLAST database named /project/6069942/PLASMIDS/USRA_PLASMIDS_2023/bin/PlasBin-flow/example_2/preprocessing/preprocessing_tmp/SAMEA8911316.gfa.fasta.db
Keep MBits: T
Maximum file size: 1000000000B
Adding sequences from FASTA; added 63 sequences in 0.0638509 seconds.



root - INFO - STDOUT:


Building a new DB, current time: 09/02/2023 11:56:47
New DB name:   /project/6069942/PLASMIDS/USRA_PLASMIDS_2023/bin/PlasBin-flow/example_2/preprocessing/preprocessing_tmp/SAMEA8911316.gfa.fasta.db
New DB title:  preprocessing_tmp/SAMEA8911316.gfa.fasta
Sequence type: Nucleotide
Deleted existing Nucleotide BLAST database named /project/6069942/PLASMIDS/USRA_PLASMIDS_2023/bin/PlasBin-flow/example_2/preprocessing/preprocessing_tmp/SAMEA8911316.gfa.fasta.db
Keep MBits: T
Maximum file size: 1000000000B
Adding sequences from FASTA; added 63 sequences in 0.08043 seconds.



root - INFO - STDOUT:


Building a new DB, current time: 09/02/2023 11:56:47
New DB name:   /project/6069942/PLASMIDS/USRA_PLASMIDS_2023/bin/PlasBin-flow/example_2/preprocessing/preprocessing_tmp/SAMEA8911316.gfa.fasta.db
New DB title:  preprocessing_tmp/SAMEA8911316.gfa.fasta
Sequence type: Nucleotide
Deleted existing Nucleotide BLAST database named /project/6069942/PLASMIDS/USRA_PLASMIDS_2023/bin/PlasBin-flow/example_2/preprocessing/preprocessing_tmp/SAMEA8911316.gfa.fasta.db
Keep MBits: T
Maximum file size: 1000000000B
Adding sequences from FASTA; added 63 sequences in 0.0559702 seconds.



root - INFO - STDOUT:


Building a new DB, current time: 09/02/2023 11:56:48
New DB name:   /project/6069942/PLASMIDS/USRA_PLASMIDS_2023/bin/PlasBin-flow/example_2/preprocessing/preprocessing_tmp/SAMEA8911316.gfa.fasta.db
New DB title:  preprocessing_tmp/SAMEA8911316.gfa.fasta
Sequence type: Nucleotide
Deleted existing Nucleotide BLAST database named /project/6069942/PLASMIDS/USRA_PLASMIDS_2023/bin/PlasBin-flow/example_2/preprocessing/preprocessing_tmp/SAMEA8911316.gfa.fasta.db
Keep MBits: T
Maximum file size: 1000000000B
Adding sequences from FASTA; added 63 sequences in 0.0397859 seconds.



root - INFO - ACTION	map ../tuning/output/pls.genes.fasta to preprocessing_tmp/SAMEA8911316.gfa.fasta.db
root - INFO - COMMAND blastn -task megablast -query ../tuning/output/pls.genes.fasta -db preprocessing_tmp/SAMEA8911316.gfa.fasta.db -out output/SAMEA8911316.genes_mappings.txt -outfmt 6
root - INFO - STDOUT:

root - INFO - STDOUT:

root - INFO - STDOUT:

root - INFO - STDOUT:

root - INFO - STDOUT:

root - INFO - FILE	output/SAMEA8911316.genes_mappings.txt
root - INFO - ## Compute gene densit and create new dataset CSV file
root - INFO - ACTION	compute gene density for SAMD00491646
root - INFO - FILE	output/SAMD00491646.gd.tsv
root - INFO - ACTION	compute gene density for SAMN02298816
root - INFO - FILE	output/SAMN02298816.gd.tsv
root - INFO - ACTION	compute gene density for SAMEA8911316
root - INFO - FILE	output/SAMEA8911316.gd.tsv
root - INFO - FILE	preprocessing_output.csv
