root - INFO - ## GC content probabilities files
root - INFO - ACTION	compute GC content probabilities file for sample SAMD00491646-unicycler
root - INFO - FILE	output/SAMD00491646-unicycler.gc.tsv
root - INFO - ACTION	compute GC content probabilities file for sample SAMD00491646-skesa
root - INFO - FILE	output/SAMD00491646-skesa.gc.tsv
root - INFO - ## Prepare temporary FASTA/GFA files
root - INFO - ACTION	copy assembly files for sample SAMD00491646-unicycler
root - INFO - FILE	preprocessing_tmp/SAMD00491646-unicycler.gfa
root - INFO - FILE	preprocessing_tmp/SAMD00491646-unicycler.gfa.fasta
root - INFO - ACTION	copy assembly files for sample SAMD00491646-skesa
root - INFO - FILE	preprocessing_tmp/SAMD00491646-skesa.gfa
root - INFO - FILE	preprocessing_tmp/SAMD00491646-skesa.gfa.fasta
root - INFO - ## Mapping plasmid genes database to sample contigs
root - INFO - ACTION Computing genes to contigs mappings for SAMD00491646-unicycler
root - INFO - ACTION	compute blast database for preprocessing_tmp/SAMD00491646-unicycler.gfa.fasta: preprocessing_tmp/SAMD00491646-unicycler.gfa.fasta.db
root - INFO - COMMAND makeblastdb -in preprocessing_tmp/SAMD00491646-unicycler.gfa.fasta -dbtype nucl -out preprocessing_tmp/SAMD00491646-unicycler.gfa.fasta.db
root - INFO - STDOUT:


Building a new DB, current time: 09/03/2023 20:02:08
New DB name:   /project/6069942/PLASMIDS/USRA_PLASMIDS_2023/bin/PlasBin-flow/example/preprocessing/preprocessing_tmp/SAMD00491646-unicycler.gfa.fasta.db
New DB title:  preprocessing_tmp/SAMD00491646-unicycler.gfa.fasta
Sequence type: Nucleotide
Keep MBits: T
Maximum file size: 1000000000B
Adding sequences from FASTA; added 84 sequences in 0.0879829 seconds.



root - INFO - STDOUT:


Building a new DB, current time: 09/03/2023 20:02:10
New DB name:   /project/6069942/PLASMIDS/USRA_PLASMIDS_2023/bin/PlasBin-flow/example/preprocessing/preprocessing_tmp/SAMD00491646-unicycler.gfa.fasta.db
New DB title:  preprocessing_tmp/SAMD00491646-unicycler.gfa.fasta
Sequence type: Nucleotide
Deleted existing Nucleotide BLAST database named /project/6069942/PLASMIDS/USRA_PLASMIDS_2023/bin/PlasBin-flow/example/preprocessing/preprocessing_tmp/SAMD00491646-unicycler.gfa.fasta.db
Keep MBits: T
Maximum file size: 1000000000B
Adding sequences from FASTA; added 84 sequences in 0.796672 seconds.



root - INFO - STDOUT:


Building a new DB, current time: 09/03/2023 20:02:11
New DB name:   /project/6069942/PLASMIDS/USRA_PLASMIDS_2023/bin/PlasBin-flow/example/preprocessing/preprocessing_tmp/SAMD00491646-unicycler.gfa.fasta.db
New DB title:  preprocessing_tmp/SAMD00491646-unicycler.gfa.fasta
Sequence type: Nucleotide
Deleted existing Nucleotide BLAST database named /project/6069942/PLASMIDS/USRA_PLASMIDS_2023/bin/PlasBin-flow/example/preprocessing/preprocessing_tmp/SAMD00491646-unicycler.gfa.fasta.db
Keep MBits: T
Maximum file size: 1000000000B
Adding sequences from FASTA; added 84 sequences in 0.085073 seconds.



root - INFO - STDOUT:


Building a new DB, current time: 09/03/2023 20:02:21
New DB name:   /project/6069942/PLASMIDS/USRA_PLASMIDS_2023/bin/PlasBin-flow/example/preprocessing/preprocessing_tmp/SAMD00491646-unicycler.gfa.fasta.db
New DB title:  preprocessing_tmp/SAMD00491646-unicycler.gfa.fasta
Sequence type: Nucleotide
Deleted existing Nucleotide BLAST database named /project/6069942/PLASMIDS/USRA_PLASMIDS_2023/bin/PlasBin-flow/example/preprocessing/preprocessing_tmp/SAMD00491646-unicycler.gfa.fasta.db
Keep MBits: T
Maximum file size: 1000000000B
Adding sequences from FASTA; added 84 sequences in 0.0543909 seconds.



root - INFO - STDOUT:


Building a new DB, current time: 09/03/2023 20:02:23
New DB name:   /project/6069942/PLASMIDS/USRA_PLASMIDS_2023/bin/PlasBin-flow/example/preprocessing/preprocessing_tmp/SAMD00491646-unicycler.gfa.fasta.db
New DB title:  preprocessing_tmp/SAMD00491646-unicycler.gfa.fasta
Sequence type: Nucleotide
Deleted existing Nucleotide BLAST database named /project/6069942/PLASMIDS/USRA_PLASMIDS_2023/bin/PlasBin-flow/example/preprocessing/preprocessing_tmp/SAMD00491646-unicycler.gfa.fasta.db
Keep MBits: T
Maximum file size: 1000000000B
Adding sequences from FASTA; added 84 sequences in 0.180509 seconds.



root - INFO - ACTION	map ../tuning/output/pls.genes.fasta to preprocessing_tmp/SAMD00491646-unicycler.gfa.fasta.db
root - INFO - COMMAND blastn -task megablast -query ../tuning/output/pls.genes.fasta -db preprocessing_tmp/SAMD00491646-unicycler.gfa.fasta.db -out output/SAMD00491646-unicycler.genes_mappings.txt -outfmt 6
root - INFO - STDOUT:

root - INFO - STDOUT:

root - INFO - STDOUT:

root - INFO - STDOUT:

root - INFO - STDOUT:

root - INFO - FILE	output/SAMD00491646-unicycler.genes_mappings.txt
root - INFO - ACTION Computing genes to contigs mappings for SAMD00491646-skesa
root - INFO - ACTION	compute blast database for preprocessing_tmp/SAMD00491646-skesa.gfa.fasta: preprocessing_tmp/SAMD00491646-skesa.gfa.fasta.db
root - INFO - COMMAND makeblastdb -in preprocessing_tmp/SAMD00491646-skesa.gfa.fasta -dbtype nucl -out preprocessing_tmp/SAMD00491646-skesa.gfa.fasta.db
root - INFO - STDOUT:


Building a new DB, current time: 09/03/2023 20:02:28
New DB name:   /project/6069942/PLASMIDS/USRA_PLASMIDS_2023/bin/PlasBin-flow/example/preprocessing/preprocessing_tmp/SAMD00491646-skesa.gfa.fasta.db
New DB title:  preprocessing_tmp/SAMD00491646-skesa.gfa.fasta
Sequence type: Nucleotide
Keep MBits: T
Maximum file size: 1000000000B
Adding sequences from FASTA; added 96 sequences in 0.057971 seconds.



root - INFO - STDOUT:


Building a new DB, current time: 09/03/2023 20:02:29
New DB name:   /project/6069942/PLASMIDS/USRA_PLASMIDS_2023/bin/PlasBin-flow/example/preprocessing/preprocessing_tmp/SAMD00491646-skesa.gfa.fasta.db
New DB title:  preprocessing_tmp/SAMD00491646-skesa.gfa.fasta
Sequence type: Nucleotide
Deleted existing Nucleotide BLAST database named /project/6069942/PLASMIDS/USRA_PLASMIDS_2023/bin/PlasBin-flow/example/preprocessing/preprocessing_tmp/SAMD00491646-skesa.gfa.fasta.db
Keep MBits: T
Maximum file size: 1000000000B
Adding sequences from FASTA; added 96 sequences in 0.0319719 seconds.



root - INFO - STDOUT:


Building a new DB, current time: 09/03/2023 20:02:39
New DB name:   /project/6069942/PLASMIDS/USRA_PLASMIDS_2023/bin/PlasBin-flow/example/preprocessing/preprocessing_tmp/SAMD00491646-skesa.gfa.fasta.db
New DB title:  preprocessing_tmp/SAMD00491646-skesa.gfa.fasta
Sequence type: Nucleotide
Deleted existing Nucleotide BLAST database named /project/6069942/PLASMIDS/USRA_PLASMIDS_2023/bin/PlasBin-flow/example/preprocessing/preprocessing_tmp/SAMD00491646-skesa.gfa.fasta.db
Keep MBits: T
Maximum file size: 1000000000B
Adding sequences from FASTA; added 96 sequences in 0.046062 seconds.



root - INFO - STDOUT:


Building a new DB, current time: 09/03/2023 20:02:50
New DB name:   /project/6069942/PLASMIDS/USRA_PLASMIDS_2023/bin/PlasBin-flow/example/preprocessing/preprocessing_tmp/SAMD00491646-skesa.gfa.fasta.db
New DB title:  preprocessing_tmp/SAMD00491646-skesa.gfa.fasta
Sequence type: Nucleotide
Deleted existing Nucleotide BLAST database named /project/6069942/PLASMIDS/USRA_PLASMIDS_2023/bin/PlasBin-flow/example/preprocessing/preprocessing_tmp/SAMD00491646-skesa.gfa.fasta.db
Keep MBits: T
Maximum file size: 1000000000B
Adding sequences from FASTA; added 96 sequences in 0.088304 seconds.



root - INFO - STDOUT:


Building a new DB, current time: 09/03/2023 20:02:52
New DB name:   /project/6069942/PLASMIDS/USRA_PLASMIDS_2023/bin/PlasBin-flow/example/preprocessing/preprocessing_tmp/SAMD00491646-skesa.gfa.fasta.db
New DB title:  preprocessing_tmp/SAMD00491646-skesa.gfa.fasta
Sequence type: Nucleotide
Deleted existing Nucleotide BLAST database named /project/6069942/PLASMIDS/USRA_PLASMIDS_2023/bin/PlasBin-flow/example/preprocessing/preprocessing_tmp/SAMD00491646-skesa.gfa.fasta.db
Keep MBits: T
Maximum file size: 1000000000B
Adding sequences from FASTA; added 96 sequences in 0.0695541 seconds.



root - INFO - ACTION	map ../tuning/output/pls.genes.fasta to preprocessing_tmp/SAMD00491646-skesa.gfa.fasta.db
root - INFO - COMMAND blastn -task megablast -query ../tuning/output/pls.genes.fasta -db preprocessing_tmp/SAMD00491646-skesa.gfa.fasta.db -out output/SAMD00491646-skesa.genes_mappings.txt -outfmt 6
root - INFO - STDOUT:

root - INFO - STDOUT:

root - INFO - STDOUT:

root - INFO - STDOUT:

root - INFO - STDOUT:

root - INFO - FILE	output/SAMD00491646-skesa.genes_mappings.txt
root - INFO - ## Compute gene density and create new dataset CSV file
root - INFO - ACTION	compute gene density for SAMD00491646-unicycler
root - INFO - FILE	output/SAMD00491646-unicycler.gd.tsv
root - INFO - ACTION	compute gene density for SAMD00491646-skesa
root - INFO - FILE	output/SAMD00491646-skesa.gd.tsv
root - INFO - FILE	preprocessing_output.csv
