
Gurobi 9.5.1 (win64) logging started Tue Jun  7 20:32:34 2022

Set parameter LogFile to value "..\output\sample_5c_6l\/1.1.1\m.log"
Set parameter TimeLimit to value 240
Set parameter MIPGap to value 0.05
Gurobi Optimizer version 9.5.1 build v9.5.1rc2 (win64)
Thread count: 4 physical cores, 8 logical processors, using up to 8 threads
Optimize a model with 407 rows, 168 columns and 956 nonzeros
Model fingerprint: 0x15cff03d
Variable types: 65 continuous, 103 integer (98 binary)
Coefficient statistics:
  Matrix range     [1e+00, 1e+02]
  Objective range  [2e-01, 3e+00]
  Bounds range     [1e+00, 1e+00]
  RHS range        [1e+00, 1e+02]
Found heuristic solution: objective 2.1780538
Presolve removed 227 rows and 55 columns
Presolve time: 0.02s
Presolved: 180 rows, 113 columns, 626 nonzeros
Variable types: 37 continuous, 76 integer (76 binary)

Root relaxation: objective 1.386263e+01, 98 iterations, 0.00 seconds (0.00 work units)

    Nodes    |    Current Node    |     Objective Bounds      |     Work
 Expl Unexpl |  Obj  Depth IntInf | Incumbent    BestBd   Gap | It/Node Time

     0     0   13.86263    0   41    2.17805   13.86263   536%     -    0s
H    0     0                       9.1993469   13.86263  50.7%     -    0s
H    0     0                       9.7759496   13.86263  41.8%     -    0s
     0     0   11.24312    0   20    9.77595   11.24312  15.0%     -    0s
     0     0   10.09819    0   20    9.77595   10.09819  3.30%     -    0s

Cutting planes:
  Gomory: 4
  Zero half: 2
  RLT: 16
  BQP: 40

Explored 1 nodes (179 simplex iterations) in 0.03 seconds (0.01 work units)
Thread count was 8 (of 8 available processors)

Solution count 3: 9.77595 9.19935 2.17805 

Optimal solution found (tolerance 5.00e-02)
Best objective 9.775949578958e+00, best bound 1.009819452586e+01, gap 3.2963%

Gurobi 9.5.1 (win64) logging started Tue Jun  7 20:36:44 2022

Set parameter LogFile to value "..\output\sample_5c_6l\/1.1.1\m.log"
Set parameter TimeLimit to value 240
Set parameter MIPGap to value 0.05
Gurobi Optimizer version 9.5.1 build v9.5.1rc2 (win64)
Thread count: 4 physical cores, 8 logical processors, using up to 8 threads
Optimize a model with 408 rows, 168 columns and 961 nonzeros
Model fingerprint: 0x373d01fb
Variable types: 65 continuous, 103 integer (98 binary)
Coefficient statistics:
  Matrix range     [1e+00, 1e+02]
  Objective range  [2e-01, 3e+00]
  Bounds range     [1e+00, 1e+00]
  RHS range        [1e+00, 1e+02]
Found heuristic solution: objective 3.7837862
Presolve removed 227 rows and 55 columns
Presolve time: 0.02s
Presolved: 181 rows, 113 columns, 628 nonzeros
Variable types: 37 continuous, 76 integer (76 binary)

Root relaxation: objective 1.386263e+01, 98 iterations, 0.00 seconds (0.00 work units)

    Nodes    |    Current Node    |     Objective Bounds      |     Work
 Expl Unexpl |  Obj  Depth IntInf | Incumbent    BestBd   Gap | It/Node Time

     0     0   13.86263    0   41    3.78379   13.86263   266%     -    0s
H    0     0                       8.5428196   13.86263  62.3%     -    0s
     0     0   12.97279    0   23    8.54282   12.97279  51.9%     -    0s
     0     0   12.75676    0   24    8.54282   12.75676  49.3%     -    0s
     0     0    8.65419    0   20    8.54282    8.65419  1.30%     -    0s

Cutting planes:
  Gomory: 14
  Implied bound: 2
  MIR: 2
  Flow cover: 5
  Zero half: 2
  RLT: 20
  BQP: 40

Explored 1 nodes (231 simplex iterations) in 0.03 seconds (0.01 work units)
Thread count was 8 (of 8 available processors)

Solution count 2: 8.54282 3.78379 

Optimal solution found (tolerance 5.00e-02)
Best objective 8.542819596396e+00, best bound 8.654190359991e+00, gap 1.3037%

Gurobi 9.5.1 (win64) logging started Tue Jun  7 20:46:43 2022

Set parameter LogFile to value "..\output\sample_5c_6l\/1.1.1\m.log"
Set parameter TimeLimit to value 240
Set parameter MIPGap to value 0.05
Gurobi Optimizer version 9.5.1 build v9.5.1rc2 (win64)
Thread count: 4 physical cores, 8 logical processors, using up to 8 threads
Optimize a model with 408 rows, 168 columns and 961 nonzeros
Model fingerprint: 0x373d01fb
Variable types: 65 continuous, 103 integer (98 binary)
Coefficient statistics:
  Matrix range     [1e+00, 1e+02]
  Objective range  [2e-01, 3e+00]
  Bounds range     [1e+00, 1e+00]
  RHS range        [1e+00, 1e+02]
Found heuristic solution: objective 3.7837862
Presolve removed 227 rows and 55 columns
Presolve time: 0.02s
Presolved: 181 rows, 113 columns, 628 nonzeros
Variable types: 37 continuous, 76 integer (76 binary)

Root relaxation: objective 1.386263e+01, 98 iterations, 0.00 seconds (0.00 work units)

    Nodes    |    Current Node    |     Objective Bounds      |     Work
 Expl Unexpl |  Obj  Depth IntInf | Incumbent    BestBd   Gap | It/Node Time

     0     0   13.86263    0   41    3.78379   13.86263   266%     -    0s
H    0     0                       8.5428196   13.86263  62.3%     -    0s
     0     0   12.97279    0   23    8.54282   12.97279  51.9%     -    0s
     0     0   12.75676    0   24    8.54282   12.75676  49.3%     -    0s
     0     0    8.65419    0   20    8.54282    8.65419  1.30%     -    0s

Cutting planes:
  Gomory: 14
  Implied bound: 2
  MIR: 2
  Flow cover: 5
  Zero half: 2
  RLT: 20
  BQP: 40

Explored 1 nodes (231 simplex iterations) in 0.05 seconds (0.01 work units)
Thread count was 8 (of 8 available processors)

Solution count 2: 8.54282 3.78379 

Optimal solution found (tolerance 5.00e-02)
Best objective 8.542819596396e+00, best bound 8.654190359991e+00, gap 1.3037%

Gurobi 9.5.1 (win64) logging started Tue Jun  7 20:48:02 2022

Set parameter LogFile to value "..\output\sample_5c_6l\/1.1.1\m.log"
Set parameter TimeLimit to value 240
Set parameter MIPGap to value 0.05
Gurobi Optimizer version 9.5.1 build v9.5.1rc2 (win64)
Thread count: 4 physical cores, 8 logical processors, using up to 8 threads
Optimize a model with 408 rows, 168 columns and 961 nonzeros
Model fingerprint: 0x373d01fb
Variable types: 65 continuous, 103 integer (98 binary)
Coefficient statistics:
  Matrix range     [1e+00, 1e+02]
  Objective range  [2e-01, 3e+00]
  Bounds range     [1e+00, 1e+00]
  RHS range        [1e+00, 1e+02]
Found heuristic solution: objective 3.7837862
Presolve removed 227 rows and 55 columns
Presolve time: 0.01s
Presolved: 181 rows, 113 columns, 628 nonzeros
Variable types: 37 continuous, 76 integer (76 binary)

Root relaxation: objective 1.386263e+01, 98 iterations, 0.00 seconds (0.00 work units)

    Nodes    |    Current Node    |     Objective Bounds      |     Work
 Expl Unexpl |  Obj  Depth IntInf | Incumbent    BestBd   Gap | It/Node Time

     0     0   13.86263    0   41    3.78379   13.86263   266%     -    0s
H    0     0                       8.5428196   13.86263  62.3%     -    0s
     0     0   12.97279    0   23    8.54282   12.97279  51.9%     -    0s
     0     0   12.75676    0   24    8.54282   12.75676  49.3%     -    0s
     0     0    8.65419    0   20    8.54282    8.65419  1.30%     -    0s

Cutting planes:
  Gomory: 14
  Implied bound: 2
  MIR: 2
  Flow cover: 5
  Zero half: 2
  RLT: 20
  BQP: 40

Explored 1 nodes (231 simplex iterations) in 0.05 seconds (0.01 work units)
Thread count was 8 (of 8 available processors)

Solution count 2: 8.54282 3.78379 

Optimal solution found (tolerance 5.00e-02)
Best objective 8.542819596396e+00, best bound 8.654190359991e+00, gap 1.3037%

Gurobi 9.5.1 (win64) logging started Tue Jun  7 21:13:33 2022

Set parameter LogFile to value "..\output\sample_5c_6l\/1.1.1\m.log"
Set parameter TimeLimit to value 240
Set parameter MIPGap to value 0.05
Gurobi Optimizer version 9.5.1 build v9.5.1rc2 (win64)
Thread count: 4 physical cores, 8 logical processors, using up to 8 threads
Optimize a model with 418 rows, 168 columns and 1001 nonzeros
Model fingerprint: 0xd99b6d84
Variable types: 65 continuous, 103 integer (98 binary)
Coefficient statistics:
  Matrix range     [1e+00, 1e+02]
  Objective range  [2e-01, 3e+00]
  Bounds range     [1e+00, 1e+00]
  RHS range        [1e+00, 1e+02]
Presolve removed 401 rows and 149 columns
Presolve time: 0.02s
Presolved: 17 rows, 19 columns, 53 nonzeros
Variable types: 5 continuous, 14 integer (14 binary)
Found heuristic solution: objective 7.5480688

Root relaxation: cutoff, 3 iterations, 0.00 seconds (0.00 work units)

    Nodes    |    Current Node    |     Objective Bounds      |     Work
 Expl Unexpl |  Obj  Depth IntInf | Incumbent    BestBd   Gap | It/Node Time

     0     0     cutoff    0         7.54807    7.54807  0.00%     -    0s

Explored 1 nodes (3 simplex iterations) in 0.03 seconds (0.00 work units)
Thread count was 8 (of 8 available processors)

Solution count 1: 7.54807 

Optimal solution found (tolerance 5.00e-02)
Best objective 7.548068831833e+00, best bound 7.548068831833e+00, gap 0.0000%

Gurobi 9.5.1 (win64) logging started Wed Jun  8 10:30:26 2022

Set parameter LogFile to value "..\output\sample_5c_6l\/1.1.1\m.log"
Set parameter TimeLimit to value 240
Set parameter MIPGap to value 0.05
Gurobi Optimizer version 9.5.1 build v9.5.1rc2 (win64)
Thread count: 4 physical cores, 8 logical processors, using up to 8 threads
Optimize a model with 413 rows, 168 columns and 1025 nonzeros
Model fingerprint: 0x83bf9e6a
Variable types: 65 continuous, 103 integer (98 binary)
Coefficient statistics:
  Matrix range     [1e+00, 1e+02]
  Objective range  [2e-01, 3e+00]
  Bounds range     [1e+00, 1e+00]
  RHS range        [1e+00, 1e+02]
Presolve removed 201 rows and 38 columns
Presolve time: 0.00s
Presolved: 212 rows, 130 columns, 879 nonzeros
Variable types: 59 continuous, 71 integer (71 binary)
Found heuristic solution: objective 4.1849456
Found heuristic solution: objective 5.6680538
Found heuristic solution: objective 6.4169924

Root relaxation: objective 1.077581e+01, 112 iterations, 0.00 seconds (0.00 work units)

    Nodes    |    Current Node    |     Objective Bounds      |     Work
 Expl Unexpl |  Obj  Depth IntInf | Incumbent    BestBd   Gap | It/Node Time

     0     0   10.72510    0   26    6.41699   10.72510  67.1%     -    0s
H    0     0                      10.3028196   10.72510  4.10%     -    0s

Explored 1 nodes (129 simplex iterations) in 0.03 seconds (0.01 work units)
Thread count was 8 (of 8 available processors)

Solution count 4: 10.3028 6.41699 5.66805 4.18495 

Optimal solution found (tolerance 5.00e-02)
Best objective 1.030281959640e+01, best bound 1.072509730838e+01, gap 4.0987%

    Variable            x 
-------------------------
    contig-1            1 
contigext-1h            1 
contigext-1t            1 
    contig-2            1 
contigext-2h            1 
contigext-2t            1 
    contig-4            1 
contigext-4h            1 
contigext-4t            1 
   link-1h2t            1 
   link-4h1t            1 
link-2-h-to-T            1 
link-S-to-4-t            1 
plasmid-GC-bin-4            1 
contig-1-GC-bin-4            1 
contig-2-GC-bin-4            1 
contig-4-GC-bin-4            1 
counted-seed_contig-2            1 
counted-seed_contig-4            1 
flow_edge-('1', 'h')-to-('2', 't')         1.76 
counted-overall-flow_edge-('1', 'h')-to-('2', 't')         1.76 
flow_edge-('4', 'h')-to-('1', 't')         1.76 
counted-overall-flow_edge-('4', 'h')-to-('1', 't')         1.76 
flow_edge-('2', 'h')-to-T         1.76 
counted-overall-flow_edge-('2', 'h')-to-T         1.76 
flow_edge-S-to-('4', 't')         1.76 
counted-overall-flow_edge-S-to-('4', 't')         1.76 
overall-flow         1.76 
aux-var-('1', 'h')            1 
aux-var-('1', 't')            1 
aux-var-('2', 'h')            1 
aux-var-('2', 't')            1 
aux-var-('4', 'h')            1 
aux-var-('4', 't')            1 

Gurobi 9.5.1 (win64) logging started Wed Jun  8 10:30:26 2022

Set parameter LogFile to value "..\output\sample_5c_6l\/1.1.1\m.log"
Set parameter TimeLimit to value 240
Set parameter MIPGap to value 0.05
Gurobi Optimizer version 9.5.1 build v9.5.1rc2 (win64)
Thread count: 4 physical cores, 8 logical processors, using up to 8 threads
Optimize a model with 319 rows, 131 columns and 781 nonzeros
Model fingerprint: 0x1725f5b2
Variable types: 49 continuous, 82 integer (78 binary)
Coefficient statistics:
  Matrix range     [1e+00, 1e+02]
  Objective range  [2e-01, 3e+00]
  Bounds range     [1e+00, 1e+00]
  RHS range        [1e+00, 1e+02]
Presolve removed 178 rows and 43 columns
Presolve time: 0.00s
Presolved: 141 rows, 88 columns, 557 nonzeros
Variable types: 41 continuous, 47 integer (47 binary)
Found heuristic solution: objective 4.4847508
Found heuristic solution: objective 6.0861077
Found heuristic solution: objective 6.0887068

Root relaxation: objective 7.240700e+00, 22 iterations, 0.00 seconds (0.00 work units)

    Nodes    |    Current Node    |     Objective Bounds      |     Work
 Expl Unexpl |  Obj  Depth IntInf | Incumbent    BestBd   Gap | It/Node Time

*    0     0               0       7.2407003    7.24070  0.00%     -    0s

Explored 1 nodes (22 simplex iterations) in 0.02 seconds (0.00 work units)
Thread count was 8 (of 8 available processors)

Solution count 4: 7.2407 6.08871 6.08611 4.48475 

Optimal solution found (tolerance 5.00e-02)
Best objective 7.240700343522e+00, best bound 7.240700343522e+00, gap 0.0000%

    Variable            x 
-------------------------
    contig-1            1 
contigext-1h            1 
contigext-1t            1 
    contig-4            1 
contigext-4h            1 
contigext-4t            1 
   link-1t4h            1 
link-S-to-1-h            1 
link-4-t-to-T            1 
plasmid-GC-bin-4            1 
contig-1-GC-bin-4            1 
contig-4-GC-bin-4            1 
counted-seed_contig-4            1 
flow_edge-('1', 't')-to-('4', 'h')         1.73 
counted-overall-flow_edge-('1', 't')-to-('4', 'h')         1.73 
flow_edge-S-to-('1', 'h')         1.73 
counted-overall-flow_edge-S-to-('1', 'h')         1.73 
flow_edge-('4', 't')-to-T         1.73 
counted-overall-flow_edge-('4', 't')-to-T         1.73 
overall-flow         1.73 
aux-var-('1', 'h')            1 
aux-var-('1', 't')            1 
aux-var-('4', 'h')            1 
aux-var-('4', 't')            1 

Gurobi 9.5.1 (win64) logging started Wed Jun  8 10:35:21 2022

Set parameter LogFile to value "..\output\sample_5c_6l\/1.1.1\m.log"
Set parameter TimeLimit to value 240
Set parameter MIPGap to value 0.05
Gurobi Optimizer version 9.5.1 build v9.5.1rc2 (win64)
Thread count: 4 physical cores, 8 logical processors, using up to 8 threads
Optimize a model with 413 rows, 168 columns and 1025 nonzeros
Model fingerprint: 0x83bf9e6a
Variable types: 65 continuous, 103 integer (98 binary)
Coefficient statistics:
  Matrix range     [1e+00, 1e+02]
  Objective range  [2e-01, 3e+00]
  Bounds range     [1e+00, 1e+00]
  RHS range        [1e+00, 1e+02]
Presolve removed 201 rows and 38 columns
Presolve time: 0.00s
Presolved: 212 rows, 130 columns, 879 nonzeros
Variable types: 59 continuous, 71 integer (71 binary)
Found heuristic solution: objective 4.1849456
Found heuristic solution: objective 5.6680538
Found heuristic solution: objective 6.4169924

Root relaxation: objective 1.077581e+01, 112 iterations, 0.00 seconds (0.00 work units)

    Nodes    |    Current Node    |     Objective Bounds      |     Work
 Expl Unexpl |  Obj  Depth IntInf | Incumbent    BestBd   Gap | It/Node Time

     0     0   10.72510    0   26    6.41699   10.72510  67.1%     -    0s
H    0     0                      10.3028196   10.72510  4.10%     -    0s

Explored 1 nodes (129 simplex iterations) in 0.03 seconds (0.01 work units)
Thread count was 8 (of 8 available processors)

Solution count 4: 10.3028 6.41699 5.66805 4.18495 

Optimal solution found (tolerance 5.00e-02)
Best objective 1.030281959640e+01, best bound 1.072509730838e+01, gap 4.0987%

    Variable            x 
-------------------------
    contig-1            1 
contigext-1h            1 
contigext-1t            1 
    contig-2            1 
contigext-2h            1 
contigext-2t            1 
    contig-4            1 
contigext-4h            1 
contigext-4t            1 
   link-1h2t            1 
   link-4h1t            1 
link-2-h-to-T            1 
link-S-to-4-t            1 
plasmid-GC-bin-4            1 
contig-1-GC-bin-4            1 
contig-2-GC-bin-4            1 
contig-4-GC-bin-4            1 
counted-seed_contig-2            1 
counted-seed_contig-4            1 
flow_edge-('1', 'h')-to-('2', 't')         1.76 
counted-overall-flow_edge-('1', 'h')-to-('2', 't')         1.76 
flow_edge-('4', 'h')-to-('1', 't')         1.76 
counted-overall-flow_edge-('4', 'h')-to-('1', 't')         1.76 
flow_edge-('2', 'h')-to-T         1.76 
counted-overall-flow_edge-('2', 'h')-to-T         1.76 
flow_edge-S-to-('4', 't')         1.76 
counted-overall-flow_edge-S-to-('4', 't')         1.76 
overall-flow         1.76 
aux-var-('1', 'h')            1 
aux-var-('1', 't')            1 
aux-var-('2', 'h')            1 
aux-var-('2', 't')            1 
aux-var-('4', 'h')            1 
aux-var-('4', 't')            1 

Gurobi 9.5.1 (win64) logging started Wed Jun  8 10:36:12 2022

Set parameter LogFile to value "..\output\sample_5c_6l\/1.1.1\m.log"
Set parameter TimeLimit to value 240
Set parameter MIPGap to value 0.05
Gurobi Optimizer version 9.5.1 build v9.5.1rc2 (win64)
Thread count: 4 physical cores, 8 logical processors, using up to 8 threads
Optimize a model with 413 rows, 168 columns and 1025 nonzeros
Model fingerprint: 0x83bf9e6a
Variable types: 65 continuous, 103 integer (98 binary)
Coefficient statistics:
  Matrix range     [1e+00, 1e+02]
  Objective range  [2e-01, 3e+00]
  Bounds range     [1e+00, 1e+00]
  RHS range        [1e+00, 1e+02]
Presolve removed 201 rows and 38 columns
Presolve time: 0.02s
Presolved: 212 rows, 130 columns, 879 nonzeros
Variable types: 59 continuous, 71 integer (71 binary)
Found heuristic solution: objective 4.1849456
Found heuristic solution: objective 5.6680538
Found heuristic solution: objective 6.4169924

Root relaxation: objective 1.077581e+01, 112 iterations, 0.00 seconds (0.00 work units)

    Nodes    |    Current Node    |     Objective Bounds      |     Work
 Expl Unexpl |  Obj  Depth IntInf | Incumbent    BestBd   Gap | It/Node Time

     0     0   10.72510    0   26    6.41699   10.72510  67.1%     -    0s
H    0     0                      10.3028196   10.72510  4.10%     -    0s

Explored 1 nodes (129 simplex iterations) in 0.03 seconds (0.01 work units)
Thread count was 8 (of 8 available processors)

Solution count 4: 10.3028 6.41699 5.66805 4.18495 

Optimal solution found (tolerance 5.00e-02)
Best objective 1.030281959640e+01, best bound 1.072509730838e+01, gap 4.0987%

    Variable            x 
-------------------------
    contig-1            1 
contigext-1h            1 
contigext-1t            1 
    contig-2            1 
contigext-2h            1 
contigext-2t            1 
    contig-4            1 
contigext-4h            1 
contigext-4t            1 
   link-1h2t            1 
   link-4h1t            1 
link-2-h-to-T            1 
link-S-to-4-t            1 
plasmid-GC-bin-4            1 
contig-1-GC-bin-4            1 
contig-2-GC-bin-4            1 
contig-4-GC-bin-4            1 
counted-seed_contig-2            1 
counted-seed_contig-4            1 
flow_edge-('1', 'h')-to-('2', 't')         1.76 
counted-overall-flow_edge-('1', 'h')-to-('2', 't')         1.76 
flow_edge-('4', 'h')-to-('1', 't')         1.76 
counted-overall-flow_edge-('4', 'h')-to-('1', 't')         1.76 
flow_edge-('2', 'h')-to-T         1.76 
counted-overall-flow_edge-('2', 'h')-to-T         1.76 
flow_edge-S-to-('4', 't')         1.76 
counted-overall-flow_edge-S-to-('4', 't')         1.76 
overall-flow         1.76 
aux-var-('1', 'h')            1 
aux-var-('1', 't')            1 
aux-var-('2', 'h')            1 
aux-var-('2', 't')            1 
aux-var-('4', 'h')            1 
aux-var-('4', 't')            1 
Warning: variable name "flow_edge-('1', 'h')-to-('2', 't')" has a space
Warning: default variable names used to write solution file

Gurobi 9.5.1 (win64) logging started Wed Jun  8 10:36:12 2022

Set parameter LogFile to value "..\output\sample_5c_6l\/1.1.1\m.log"
Set parameter TimeLimit to value 240
Set parameter MIPGap to value 0.05
Gurobi Optimizer version 9.5.1 build v9.5.1rc2 (win64)
Thread count: 4 physical cores, 8 logical processors, using up to 8 threads
Optimize a model with 319 rows, 131 columns and 781 nonzeros
Model fingerprint: 0x1725f5b2
Variable types: 49 continuous, 82 integer (78 binary)
Coefficient statistics:
  Matrix range     [1e+00, 1e+02]
  Objective range  [2e-01, 3e+00]
  Bounds range     [1e+00, 1e+00]
  RHS range        [1e+00, 1e+02]
Presolve removed 178 rows and 43 columns
Presolve time: 0.00s
Presolved: 141 rows, 88 columns, 557 nonzeros
Variable types: 41 continuous, 47 integer (47 binary)
Found heuristic solution: objective 4.4847508
Found heuristic solution: objective 6.0861077
Found heuristic solution: objective 6.0887068

Root relaxation: objective 7.240700e+00, 22 iterations, 0.00 seconds (0.00 work units)

    Nodes    |    Current Node    |     Objective Bounds      |     Work
 Expl Unexpl |  Obj  Depth IntInf | Incumbent    BestBd   Gap | It/Node Time

*    0     0               0       7.2407003    7.24070  0.00%     -    0s

Explored 1 nodes (22 simplex iterations) in 0.01 seconds (0.00 work units)
Thread count was 8 (of 8 available processors)

Solution count 4: 7.2407 6.08871 6.08611 4.48475 

Optimal solution found (tolerance 5.00e-02)
Best objective 7.240700343522e+00, best bound 7.240700343522e+00, gap 0.0000%

    Variable            x 
-------------------------
    contig-1            1 
contigext-1h            1 
contigext-1t            1 
    contig-4            1 
contigext-4h            1 
contigext-4t            1 
   link-1t4h            1 
link-S-to-1-h            1 
link-4-t-to-T            1 
plasmid-GC-bin-4            1 
contig-1-GC-bin-4            1 
contig-4-GC-bin-4            1 
counted-seed_contig-4            1 
flow_edge-('1', 't')-to-('4', 'h')         1.73 
counted-overall-flow_edge-('1', 't')-to-('4', 'h')         1.73 
flow_edge-S-to-('1', 'h')         1.73 
counted-overall-flow_edge-S-to-('1', 'h')         1.73 
flow_edge-('4', 't')-to-T         1.73 
counted-overall-flow_edge-('4', 't')-to-T         1.73 
overall-flow         1.73 
aux-var-('1', 'h')            1 
aux-var-('1', 't')            1 
aux-var-('4', 'h')            1 
aux-var-('4', 't')            1 
Warning: variable name "flow_edge-('3', 'h')-to-('5', 't')" has a space
Warning: default variable names used to write solution file

Gurobi 9.5.1 (win64) logging started Wed Jun  8 10:43:23 2022

Set parameter LogFile to value "..\output\sample_5c_6l\/1.1.1\m.log"
Set parameter TimeLimit to value 240
Set parameter MIPGap to value 0.05
Gurobi Optimizer version 9.5.1 build v9.5.1rc2 (win64)
Thread count: 4 physical cores, 8 logical processors, using up to 8 threads
Optimize a model with 413 rows, 168 columns and 1025 nonzeros
Model fingerprint: 0x83bf9e6a
Variable types: 65 continuous, 103 integer (98 binary)
Coefficient statistics:
  Matrix range     [1e+00, 1e+02]
  Objective range  [2e-01, 3e+00]
  Bounds range     [1e+00, 1e+00]
  RHS range        [1e+00, 1e+02]
Presolve removed 201 rows and 38 columns
Presolve time: 0.00s
Presolved: 212 rows, 130 columns, 879 nonzeros
Variable types: 59 continuous, 71 integer (71 binary)
Found heuristic solution: objective 4.1849456
Found heuristic solution: objective 5.6680538
Found heuristic solution: objective 6.4169924

Root relaxation: objective 1.077581e+01, 112 iterations, 0.00 seconds (0.00 work units)

    Nodes    |    Current Node    |     Objective Bounds      |     Work
 Expl Unexpl |  Obj  Depth IntInf | Incumbent    BestBd   Gap | It/Node Time

     0     0   10.72510    0   26    6.41699   10.72510  67.1%     -    0s
H    0     0                      10.3028196   10.72510  4.10%     -    0s

Explored 1 nodes (129 simplex iterations) in 0.02 seconds (0.01 work units)
Thread count was 8 (of 8 available processors)

Solution count 4: 10.3028 6.41699 5.66805 4.18495 

Optimal solution found (tolerance 5.00e-02)
Best objective 1.030281959640e+01, best bound 1.072509730838e+01, gap 4.0987%

    Variable            x 
-------------------------
    contig-1            1 
contigext-1h            1 
contigext-1t            1 
    contig-2            1 
contigext-2h            1 
contigext-2t            1 
    contig-4            1 
contigext-4h            1 
contigext-4t            1 
   link-1h2t            1 
   link-4h1t            1 
link-2-h-to-T            1 
link-S-to-4-t            1 
plasmid-GC-bin-4            1 
contig-1-GC-bin-4            1 
contig-2-GC-bin-4            1 
contig-4-GC-bin-4            1 
counted-seed_contig-2            1 
counted-seed_contig-4            1 
flow_edge-('1', 'h')-to-('2', 't')         1.76 
counted-overall-flow_edge-('1', 'h')-to-('2', 't')         1.76 
flow_edge-('4', 'h')-to-('1', 't')         1.76 
counted-overall-flow_edge-('4', 'h')-to-('1', 't')         1.76 
flow_edge-('2', 'h')-to-T         1.76 
counted-overall-flow_edge-('2', 'h')-to-T         1.76 
flow_edge-S-to-('4', 't')         1.76 
counted-overall-flow_edge-S-to-('4', 't')         1.76 
overall-flow         1.76 
aux-var-('1', 'h')            1 
aux-var-('1', 't')            1 
aux-var-('2', 'h')            1 
aux-var-('2', 't')            1 
aux-var-('4', 'h')            1 
aux-var-('4', 't')            1 

Gurobi 9.5.1 (win64) logging started Wed Jun  8 10:44:11 2022

Set parameter LogFile to value "..\output\sample_5c_6l\/1.1.1\m.log"
Set parameter TimeLimit to value 240
Set parameter MIPGap to value 0.05
Gurobi Optimizer version 9.5.1 build v9.5.1rc2 (win64)
Thread count: 4 physical cores, 8 logical processors, using up to 8 threads
Optimize a model with 413 rows, 168 columns and 1025 nonzeros
Model fingerprint: 0x83bf9e6a
Variable types: 65 continuous, 103 integer (98 binary)
Coefficient statistics:
  Matrix range     [1e+00, 1e+02]
  Objective range  [2e-01, 3e+00]
  Bounds range     [1e+00, 1e+00]
  RHS range        [1e+00, 1e+02]
Presolve removed 201 rows and 38 columns
Presolve time: 0.01s
Presolved: 212 rows, 130 columns, 879 nonzeros
Variable types: 59 continuous, 71 integer (71 binary)
Found heuristic solution: objective 4.1849456
Found heuristic solution: objective 5.6680538
Found heuristic solution: objective 6.4169924

Root relaxation: objective 1.077581e+01, 112 iterations, 0.00 seconds (0.00 work units)

    Nodes    |    Current Node    |     Objective Bounds      |     Work
 Expl Unexpl |  Obj  Depth IntInf | Incumbent    BestBd   Gap | It/Node Time

     0     0   10.72510    0   26    6.41699   10.72510  67.1%     -    0s
H    0     0                      10.3028196   10.72510  4.10%     -    0s

Explored 1 nodes (129 simplex iterations) in 0.01 seconds (0.01 work units)
Thread count was 8 (of 8 available processors)

Solution count 4: 10.3028 6.41699 5.66805 4.18495 

Optimal solution found (tolerance 5.00e-02)
Best objective 1.030281959640e+01, best bound 1.072509730838e+01, gap 4.0987%

    Variable            x 
-------------------------
    contig-1            1 
contigext-1h            1 
contigext-1t            1 
    contig-2            1 
contigext-2h            1 
contigext-2t            1 
    contig-4            1 
contigext-4h            1 
contigext-4t            1 
   link-1h2t            1 
   link-4h1t            1 
link-2-h-to-T            1 
link-S-to-4-t            1 
plasmid-GC-bin-4            1 
contig-1-GC-bin-4            1 
contig-2-GC-bin-4            1 
contig-4-GC-bin-4            1 
counted-seed_contig-2            1 
counted-seed_contig-4            1 
flow_edge-('1', 'h')-to-('2', 't')         1.76 
counted-overall-flow_edge-('1', 'h')-to-('2', 't')         1.76 
flow_edge-('4', 'h')-to-('1', 't')         1.76 
counted-overall-flow_edge-('4', 'h')-to-('1', 't')         1.76 
flow_edge-('2', 'h')-to-T         1.76 
counted-overall-flow_edge-('2', 'h')-to-T         1.76 
flow_edge-S-to-('4', 't')         1.76 
counted-overall-flow_edge-S-to-('4', 't')         1.76 
overall-flow         1.76 
aux-var-('1', 'h')            1 
aux-var-('1', 't')            1 
aux-var-('2', 'h')            1 
aux-var-('2', 't')            1 
aux-var-('4', 'h')            1 
aux-var-('4', 't')            1 

Gurobi 9.5.1 (win64) logging started Wed Jun  8 10:51:04 2022

Set parameter LogFile to value "..\output\sample_5c_6l\/1.1.1\m.log"
Set parameter TimeLimit to value 240
Set parameter MIPGap to value 0.05
Gurobi Optimizer version 9.5.1 build v9.5.1rc2 (win64)
Thread count: 4 physical cores, 8 logical processors, using up to 8 threads
Optimize a model with 413 rows, 168 columns and 1025 nonzeros
Model fingerprint: 0x83bf9e6a
Variable types: 65 continuous, 103 integer (98 binary)
Coefficient statistics:
  Matrix range     [1e+00, 1e+02]
  Objective range  [2e-01, 3e+00]
  Bounds range     [1e+00, 1e+00]
  RHS range        [1e+00, 1e+02]
Presolve removed 201 rows and 38 columns
Presolve time: 0.00s
Presolved: 212 rows, 130 columns, 879 nonzeros
Variable types: 59 continuous, 71 integer (71 binary)
Found heuristic solution: objective 4.1849456
Found heuristic solution: objective 5.6680538
Found heuristic solution: objective 6.4169924

Root relaxation: objective 1.077581e+01, 112 iterations, 0.02 seconds (0.00 work units)

    Nodes    |    Current Node    |     Objective Bounds      |     Work
 Expl Unexpl |  Obj  Depth IntInf | Incumbent    BestBd   Gap | It/Node Time

     0     0   10.72510    0   26    6.41699   10.72510  67.1%     -    0s
H    0     0                      10.3028196   10.72510  4.10%     -    0s

Explored 1 nodes (129 simplex iterations) in 0.02 seconds (0.01 work units)
Thread count was 8 (of 8 available processors)

Solution count 4: 10.3028 6.41699 5.66805 4.18495 

Optimal solution found (tolerance 5.00e-02)
Best objective 1.030281959640e+01, best bound 1.072509730838e+01, gap 4.0987%

    Variable            x 
-------------------------
    contig-1            1 
contigext-1h            1 
contigext-1t            1 
    contig-2            1 
contigext-2h            1 
contigext-2t            1 
    contig-4            1 
contigext-4h            1 
contigext-4t            1 
   link-1h2t            1 
   link-4h1t            1 
link-2-h-to-T            1 
link-S-to-4-t            1 
plasmid-GC-bin-4            1 
contig-1-GC-bin-4            1 
contig-2-GC-bin-4            1 
contig-4-GC-bin-4            1 
counted-seed_contig-2            1 
counted-seed_contig-4            1 
flow_edge-('1', 'h')-to-('2', 't')         1.76 
counted-overall-flow_edge-('1', 'h')-to-('2', 't')         1.76 
flow_edge-('4', 'h')-to-('1', 't')         1.76 
counted-overall-flow_edge-('4', 'h')-to-('1', 't')         1.76 
flow_edge-('2', 'h')-to-T         1.76 
counted-overall-flow_edge-('2', 'h')-to-T         1.76 
flow_edge-S-to-('4', 't')         1.76 
counted-overall-flow_edge-S-to-('4', 't')         1.76 
overall-flow         1.76 
aux-var-('1', 'h')            1 
aux-var-('1', 't')            1 
aux-var-('2', 'h')            1 
aux-var-('2', 't')            1 
aux-var-('4', 'h')            1 
aux-var-('4', 't')            1 

Gurobi 9.5.1 (win64) logging started Wed Jun  8 10:51:04 2022

Set parameter LogFile to value "..\output\sample_5c_6l\/1.1.1\m.log"
Set parameter TimeLimit to value 240
Set parameter MIPGap to value 0.05
Gurobi Optimizer version 9.5.1 build v9.5.1rc2 (win64)
Thread count: 4 physical cores, 8 logical processors, using up to 8 threads
Optimize a model with 319 rows, 131 columns and 781 nonzeros
Model fingerprint: 0x1725f5b2
Variable types: 49 continuous, 82 integer (78 binary)
Coefficient statistics:
  Matrix range     [1e+00, 1e+02]
  Objective range  [2e-01, 3e+00]
  Bounds range     [1e+00, 1e+00]
  RHS range        [1e+00, 1e+02]
Presolve removed 178 rows and 43 columns
Presolve time: 0.02s
Presolved: 141 rows, 88 columns, 557 nonzeros
Variable types: 41 continuous, 47 integer (47 binary)
Found heuristic solution: objective 4.4847508
Found heuristic solution: objective 6.0861077
Found heuristic solution: objective 6.0887068

Root relaxation: objective 7.240700e+00, 22 iterations, 0.00 seconds (0.00 work units)

    Nodes    |    Current Node    |     Objective Bounds      |     Work
 Expl Unexpl |  Obj  Depth IntInf | Incumbent    BestBd   Gap | It/Node Time

*    0     0               0       7.2407003    7.24070  0.00%     -    0s

Explored 1 nodes (22 simplex iterations) in 0.02 seconds (0.00 work units)
Thread count was 8 (of 8 available processors)

Solution count 4: 7.2407 6.08871 6.08611 4.48475 

Optimal solution found (tolerance 5.00e-02)
Best objective 7.240700343522e+00, best bound 7.240700343522e+00, gap 0.0000%

    Variable            x 
-------------------------
    contig-1            1 
contigext-1h            1 
contigext-1t            1 
    contig-4            1 
contigext-4h            1 
contigext-4t            1 
   link-1t4h            1 
link-S-to-1-h            1 
link-4-t-to-T            1 
plasmid-GC-bin-4            1 
contig-1-GC-bin-4            1 
contig-4-GC-bin-4            1 
counted-seed_contig-4            1 
flow_edge-('1', 't')-to-('4', 'h')         1.73 
counted-overall-flow_edge-('1', 't')-to-('4', 'h')         1.73 
flow_edge-S-to-('1', 'h')         1.73 
counted-overall-flow_edge-S-to-('1', 'h')         1.73 
flow_edge-('4', 't')-to-T         1.73 
counted-overall-flow_edge-('4', 't')-to-T         1.73 
overall-flow         1.73 
aux-var-('1', 'h')            1 
aux-var-('1', 't')            1 
aux-var-('4', 'h')            1 
aux-var-('4', 't')            1 

Gurobi 9.5.1 (win64) logging started Wed Jun  8 10:52:14 2022

Set parameter LogFile to value "..\output\sample_5c_6l\/1.1.1\m.log"
Set parameter TimeLimit to value 240
Set parameter MIPGap to value 0.05
Gurobi Optimizer version 9.5.1 build v9.5.1rc2 (win64)
Thread count: 4 physical cores, 8 logical processors, using up to 8 threads
Optimize a model with 413 rows, 168 columns and 1025 nonzeros
Model fingerprint: 0x83bf9e6a
Variable types: 65 continuous, 103 integer (98 binary)
Coefficient statistics:
  Matrix range     [1e+00, 1e+02]
  Objective range  [2e-01, 3e+00]
  Bounds range     [1e+00, 1e+00]
  RHS range        [1e+00, 1e+02]
Presolve removed 201 rows and 38 columns
Presolve time: 0.01s
Presolved: 212 rows, 130 columns, 879 nonzeros
Variable types: 59 continuous, 71 integer (71 binary)
Found heuristic solution: objective 4.1849456
Found heuristic solution: objective 5.6680538
Found heuristic solution: objective 6.4169924

Root relaxation: objective 1.077581e+01, 112 iterations, 0.00 seconds (0.00 work units)

    Nodes    |    Current Node    |     Objective Bounds      |     Work
 Expl Unexpl |  Obj  Depth IntInf | Incumbent    BestBd   Gap | It/Node Time

     0     0   10.72510    0   26    6.41699   10.72510  67.1%     -    0s
H    0     0                      10.3028196   10.72510  4.10%     -    0s

Explored 1 nodes (129 simplex iterations) in 0.02 seconds (0.01 work units)
Thread count was 8 (of 8 available processors)

Solution count 4: 10.3028 6.41699 5.66805 4.18495 

Optimal solution found (tolerance 5.00e-02)
Best objective 1.030281959640e+01, best bound 1.072509730838e+01, gap 4.0987%

    Variable            x 
-------------------------
    contig-1            1 
contigext-1h            1 
contigext-1t            1 
    contig-2            1 
contigext-2h            1 
contigext-2t            1 
    contig-4            1 
contigext-4h            1 
contigext-4t            1 
   link-1h2t            1 
   link-4h1t            1 
link-2-h-to-T            1 
link-S-to-4-t            1 
plasmid-GC-bin-4            1 
contig-1-GC-bin-4            1 
contig-2-GC-bin-4            1 
contig-4-GC-bin-4            1 
counted-seed_contig-2            1 
counted-seed_contig-4            1 
flow_edge-('1', 'h')-to-('2', 't')         1.76 
counted-overall-flow_edge-('1', 'h')-to-('2', 't')         1.76 
flow_edge-('4', 'h')-to-('1', 't')         1.76 
counted-overall-flow_edge-('4', 'h')-to-('1', 't')         1.76 
flow_edge-('2', 'h')-to-T         1.76 
counted-overall-flow_edge-('2', 'h')-to-T         1.76 
flow_edge-S-to-('4', 't')         1.76 
counted-overall-flow_edge-S-to-('4', 't')         1.76 
overall-flow         1.76 
aux-var-('1', 'h')            1 
aux-var-('1', 't')            1 
aux-var-('2', 'h')            1 
aux-var-('2', 't')            1 
aux-var-('4', 'h')            1 
aux-var-('4', 't')            1 

Gurobi 9.5.1 (win64) logging started Wed Jun  8 10:52:14 2022

Set parameter LogFile to value "..\output\sample_5c_6l\/1.1.1\m.log"
Set parameter TimeLimit to value 240
Set parameter MIPGap to value 0.05
Gurobi Optimizer version 9.5.1 build v9.5.1rc2 (win64)
Thread count: 4 physical cores, 8 logical processors, using up to 8 threads
Optimize a model with 319 rows, 131 columns and 781 nonzeros
Model fingerprint: 0x1725f5b2
Variable types: 49 continuous, 82 integer (78 binary)
Coefficient statistics:
  Matrix range     [1e+00, 1e+02]
  Objective range  [2e-01, 3e+00]
  Bounds range     [1e+00, 1e+00]
  RHS range        [1e+00, 1e+02]
Presolve removed 178 rows and 43 columns
Presolve time: 0.02s
Presolved: 141 rows, 88 columns, 557 nonzeros
Variable types: 41 continuous, 47 integer (47 binary)
Found heuristic solution: objective 4.4847508
Found heuristic solution: objective 6.0861077
Found heuristic solution: objective 6.0887068

Root relaxation: objective 7.240700e+00, 22 iterations, 0.00 seconds (0.00 work units)

    Nodes    |    Current Node    |     Objective Bounds      |     Work
 Expl Unexpl |  Obj  Depth IntInf | Incumbent    BestBd   Gap | It/Node Time

*    0     0               0       7.2407003    7.24070  0.00%     -    0s

Explored 1 nodes (22 simplex iterations) in 0.02 seconds (0.00 work units)
Thread count was 8 (of 8 available processors)

Solution count 4: 7.2407 6.08871 6.08611 4.48475 

Optimal solution found (tolerance 5.00e-02)
Best objective 7.240700343522e+00, best bound 7.240700343522e+00, gap 0.0000%

    Variable            x 
-------------------------
    contig-1            1 
contigext-1h            1 
contigext-1t            1 
    contig-4            1 
contigext-4h            1 
contigext-4t            1 
   link-1t4h            1 
link-S-to-1-h            1 
link-4-t-to-T            1 
plasmid-GC-bin-4            1 
contig-1-GC-bin-4            1 
contig-4-GC-bin-4            1 
counted-seed_contig-4            1 
flow_edge-('1', 't')-to-('4', 'h')         1.73 
counted-overall-flow_edge-('1', 't')-to-('4', 'h')         1.73 
flow_edge-S-to-('1', 'h')         1.73 
counted-overall-flow_edge-S-to-('1', 'h')         1.73 
flow_edge-('4', 't')-to-T         1.73 
counted-overall-flow_edge-('4', 't')-to-T         1.73 
overall-flow         1.73 
aux-var-('1', 'h')            1 
aux-var-('1', 't')            1 
aux-var-('4', 'h')            1 
aux-var-('4', 't')            1 
