
Gurobi 9.5.1 (win64) logging started Tue Jun  7 21:38:47 2022

Set parameter LogFile to value "..\output\sample_4c_5l\/1.1.1\m.log"
Set parameter TimeLimit to value 240
Set parameter MIPGap to value 0.05
Gurobi Optimizer version 9.5.1 build v9.5.1rc2 (win64)
Thread count: 4 physical cores, 8 logical processors, using up to 8 threads
Optimize a model with 339 rows, 137 columns and 810 nonzeros
Model fingerprint: 0x7e199a90
Variable types: 53 continuous, 84 integer (80 binary)
Coefficient statistics:
  Matrix range     [1e+00, 1e+02]
  Objective range  [2e-01, 3e+00]
  Bounds range     [1e+00, 1e+00]
  RHS range        [1e+00, 1e+02]
Presolve removed 235 rows and 65 columns
Presolve time: 0.00s
Presolved: 104 rows, 72 columns, 314 nonzeros
Variable types: 26 continuous, 46 integer (46 binary)
Found heuristic solution: objective 4.1891675

Root relaxation: objective 1.211792e+01, 42 iterations, 0.00 seconds (0.00 work units)

    Nodes    |    Current Node    |     Objective Bounds      |     Work
 Expl Unexpl |  Obj  Depth IntInf | Incumbent    BestBd   Gap | It/Node Time

     0     0   12.11792    0   18    4.18917   12.11792   189%     -    0s
H    0     0                       6.1260443   12.11792  97.8%     -    0s
H    0     0                       8.3866904   12.11792  44.5%     -    0s

Cutting planes:
  Gomory: 2
  MIR: 3
  Zero half: 1
  RLT: 17
  BQP: 45

Explored 1 nodes (48 simplex iterations) in 0.03 seconds (0.00 work units)
Thread count was 8 (of 8 available processors)

Solution count 3: 8.38669 6.12604 4.18917 

Optimal solution found (tolerance 5.00e-02)
Best objective 8.386690359991e+00, best bound 8.386690359991e+00, gap 0.0000%

Gurobi 9.5.1 (win64) logging started Wed Jun  8 01:11:19 2022

Set parameter LogFile to value "..\output\sample_4c_5l\/1.1.1\m.log"
Set parameter TimeLimit to value 240
Set parameter MIPGap to value 0.05
Gurobi Optimizer version 9.5.1 build v9.5.1rc2 (win64)
Thread count: 4 physical cores, 8 logical processors, using up to 8 threads
Optimize a model with 335 rows, 137 columns and 802 nonzeros
Model fingerprint: 0xae32462b
Variable types: 53 continuous, 84 integer (80 binary)
Coefficient statistics:
  Matrix range     [1e+00, 1e+02]
  Objective range  [2e-01, 3e+00]
  Bounds range     [1e+00, 1e+00]
  RHS range        [1e+00, 1e+02]
Presolve removed 140 rows and 46 columns
Presolve time: 0.00s

Explored 0 nodes (0 simplex iterations) in 0.00 seconds (0.00 work units)
Thread count was 1 (of 8 available processors)

Solution count 0

Model is infeasible or unbounded
Best objective -, best bound -, gap -

Computing Irreducible Inconsistent Subsystem (IIS)...

           Constraints          |            Bounds           |  Runtime
      Min       Max     Guess   |   Min       Max     Guess   |
--------------------------------------------------------------------------
        0       327         -         0        57         -           0s
       13        13         -         0         0         -           0s

IIS computed: 13 constraints, 0 bounds
IIS runtime: 0.01 seconds (0.00 work units)
Warning: constraint name "extr_ubd-('2', 't')-by-expr" has a space

Gurobi 9.5.1 (win64) logging started Wed Jun  8 01:13:07 2022

Set parameter LogFile to value "..\output\sample_4c_5l\/1.1.1\m.log"
Set parameter TimeLimit to value 240
Set parameter MIPGap to value 0.05
Gurobi Optimizer version 9.5.1 build v9.5.1rc2 (win64)
Thread count: 4 physical cores, 8 logical processors, using up to 8 threads
Optimize a model with 335 rows, 137 columns and 802 nonzeros
Model fingerprint: 0xae32462b
Variable types: 53 continuous, 84 integer (80 binary)
Coefficient statistics:
  Matrix range     [1e+00, 1e+02]
  Objective range  [2e-01, 3e+00]
  Bounds range     [1e+00, 1e+00]
  RHS range        [1e+00, 1e+02]
Presolve removed 140 rows and 46 columns
Presolve time: 0.00s

Explored 0 nodes (0 simplex iterations) in 0.00 seconds (0.00 work units)
Thread count was 1 (of 8 available processors)

Solution count 0

Model is infeasible or unbounded
Best objective -, best bound -, gap -

Computing Irreducible Inconsistent Subsystem (IIS)...

           Constraints          |            Bounds           |  Runtime
      Min       Max     Guess   |   Min       Max     Guess   |
--------------------------------------------------------------------------
        0       327         -         0        57         -           0s
       13        13         -         0         0         -           0s

IIS computed: 13 constraints, 0 bounds
IIS runtime: 0.01 seconds (0.00 work units)
Warning: constraint name "extr_ubd-('2', 't')-by-expr" has a space

Gurobi 9.5.1 (win64) logging started Wed Jun  8 01:13:53 2022

Set parameter LogFile to value "..\output\sample_4c_5l\/1.1.1\m.log"
Set parameter TimeLimit to value 240
Set parameter MIPGap to value 0.05
Gurobi Optimizer version 9.5.1 build v9.5.1rc2 (win64)
Thread count: 4 physical cores, 8 logical processors, using up to 8 threads
Optimize a model with 335 rows, 137 columns and 802 nonzeros
Model fingerprint: 0xae32462b
Variable types: 53 continuous, 84 integer (80 binary)
Coefficient statistics:
  Matrix range     [1e+00, 1e+02]
  Objective range  [2e-01, 3e+00]
  Bounds range     [1e+00, 1e+00]
  RHS range        [1e+00, 1e+02]
Presolve removed 140 rows and 46 columns
Presolve time: 0.00s

Explored 0 nodes (0 simplex iterations) in 0.00 seconds (0.00 work units)
Thread count was 1 (of 8 available processors)

Solution count 0

Model is infeasible or unbounded
Best objective -, best bound -, gap -

Computing Irreducible Inconsistent Subsystem (IIS)...

           Constraints          |            Bounds           |  Runtime
      Min       Max     Guess   |   Min       Max     Guess   |
--------------------------------------------------------------------------
        0       327         -         0        57         -           0s
       13        13         -         0         0         -           0s

IIS computed: 13 constraints, 0 bounds
IIS runtime: 0.02 seconds (0.00 work units)
Warning: constraint name "extr_ubd-('2', 't')-by-expr" has a space

Gurobi 9.5.1 (win64) logging started Wed Jun  8 01:15:07 2022

Set parameter LogFile to value "..\output\sample_4c_5l\/1.1.1\m.log"
Set parameter TimeLimit to value 240
Set parameter MIPGap to value 0.05
Gurobi Optimizer version 9.5.1 build v9.5.1rc2 (win64)
Thread count: 4 physical cores, 8 logical processors, using up to 8 threads
Optimize a model with 335 rows, 137 columns and 802 nonzeros
Model fingerprint: 0xae32462b
Variable types: 53 continuous, 84 integer (80 binary)
Coefficient statistics:
  Matrix range     [1e+00, 1e+02]
  Objective range  [2e-01, 3e+00]
  Bounds range     [1e+00, 1e+00]
  RHS range        [1e+00, 1e+02]
Presolve removed 140 rows and 46 columns
Presolve time: 0.00s

Explored 0 nodes (0 simplex iterations) in 0.00 seconds (0.00 work units)
Thread count was 1 (of 8 available processors)

Solution count 0

Model is infeasible or unbounded
Best objective -, best bound -, gap -

Computing Irreducible Inconsistent Subsystem (IIS)...

           Constraints          |            Bounds           |  Runtime
      Min       Max     Guess   |   Min       Max     Guess   |
--------------------------------------------------------------------------
        0       327         -         0        57         -           0s
       13        13         -         0         0         -           0s

IIS computed: 13 constraints, 0 bounds
IIS runtime: 0.00 seconds (0.00 work units)
Warning: constraint name "extr_ubd-('2', 't')-by-expr" has a space

Gurobi 9.5.1 (win64) logging started Wed Jun  8 01:16:36 2022

Set parameter LogFile to value "..\output\sample_4c_5l\/1.1.1\m.log"
Set parameter TimeLimit to value 240
Set parameter MIPGap to value 0.05
Gurobi Optimizer version 9.5.1 build v9.5.1rc2 (win64)
Thread count: 4 physical cores, 8 logical processors, using up to 8 threads
Optimize a model with 335 rows, 137 columns and 802 nonzeros
Model fingerprint: 0xae32462b
Variable types: 53 continuous, 84 integer (80 binary)
Coefficient statistics:
  Matrix range     [1e+00, 1e+02]
  Objective range  [2e-01, 3e+00]
  Bounds range     [1e+00, 1e+00]
  RHS range        [1e+00, 1e+02]
Presolve removed 140 rows and 46 columns
Presolve time: 0.00s

Explored 0 nodes (0 simplex iterations) in 0.00 seconds (0.00 work units)
Thread count was 1 (of 8 available processors)

Solution count 0

Model is infeasible or unbounded
Best objective -, best bound -, gap -

Computing Irreducible Inconsistent Subsystem (IIS)...

           Constraints          |            Bounds           |  Runtime
      Min       Max     Guess   |   Min       Max     Guess   |
--------------------------------------------------------------------------
        0       327         -         0        57         -           0s
       13        13         -         0         0         -           0s

IIS computed: 13 constraints, 0 bounds
IIS runtime: 0.02 seconds (0.00 work units)
Warning: constraint name "extr_ubd-('2', 't')-by-expr" has a space

Gurobi 9.5.1 (win64) logging started Wed Jun  8 01:18:17 2022

Set parameter LogFile to value "..\output\sample_4c_5l\/1.1.1\m.log"
Set parameter TimeLimit to value 240
Set parameter MIPGap to value 0.05
Gurobi Optimizer version 9.5.1 build v9.5.1rc2 (win64)
Thread count: 4 physical cores, 8 logical processors, using up to 8 threads
Optimize a model with 335 rows, 137 columns and 802 nonzeros
Model fingerprint: 0xae32462b
Variable types: 53 continuous, 84 integer (80 binary)
Coefficient statistics:
  Matrix range     [1e+00, 1e+02]
  Objective range  [2e-01, 3e+00]
  Bounds range     [1e+00, 1e+00]
  RHS range        [1e+00, 1e+02]
Presolve removed 140 rows and 46 columns
Presolve time: 0.00s

Explored 0 nodes (0 simplex iterations) in 0.00 seconds (0.00 work units)
Thread count was 1 (of 8 available processors)

Solution count 0

Model is infeasible or unbounded
Best objective -, best bound -, gap -

Computing Irreducible Inconsistent Subsystem (IIS)...

           Constraints          |            Bounds           |  Runtime
      Min       Max     Guess   |   Min       Max     Guess   |
--------------------------------------------------------------------------
        0       327         -         0        57         -           0s
       13        13         -         0         0         -           0s

IIS computed: 13 constraints, 0 bounds
IIS runtime: 0.01 seconds (0.00 work units)
Warning: constraint name "extr_ubd-('2', 't')-by-expr" has a space

Gurobi 9.5.1 (win64) logging started Wed Jun  8 01:18:37 2022

Set parameter LogFile to value "..\output\sample_4c_5l\/1.1.1\m.log"
Set parameter TimeLimit to value 240
Set parameter MIPGap to value 0.05
Gurobi Optimizer version 9.5.1 build v9.5.1rc2 (win64)
Thread count: 4 physical cores, 8 logical processors, using up to 8 threads
Optimize a model with 335 rows, 137 columns and 802 nonzeros
Model fingerprint: 0xae32462b
Variable types: 53 continuous, 84 integer (80 binary)
Coefficient statistics:
  Matrix range     [1e+00, 1e+02]
  Objective range  [2e-01, 3e+00]
  Bounds range     [1e+00, 1e+00]
  RHS range        [1e+00, 1e+02]
Presolve removed 140 rows and 46 columns
Presolve time: 0.00s

Explored 0 nodes (0 simplex iterations) in 0.00 seconds (0.00 work units)
Thread count was 1 (of 8 available processors)

Solution count 0

Model is infeasible or unbounded
Best objective -, best bound -, gap -

Computing Irreducible Inconsistent Subsystem (IIS)...

           Constraints          |            Bounds           |  Runtime
      Min       Max     Guess   |   Min       Max     Guess   |
--------------------------------------------------------------------------
        0       327         -         0        57         -           0s
       13        13         -         0         0         -           0s

IIS computed: 13 constraints, 0 bounds
IIS runtime: 0.01 seconds (0.00 work units)
Warning: constraint name "extr_ubd-('2', 't')-by-expr" has a space

Gurobi 9.5.1 (win64) logging started Wed Jun  8 01:21:23 2022

Set parameter LogFile to value "..\output\sample_4c_5l\/1.1.1\m.log"
Set parameter TimeLimit to value 240
Set parameter MIPGap to value 0.05
Gurobi Optimizer version 9.5.1 build v9.5.1rc2 (win64)
Thread count: 4 physical cores, 8 logical processors, using up to 8 threads
Optimize a model with 335 rows, 137 columns and 802 nonzeros
Model fingerprint: 0xae32462b
Variable types: 53 continuous, 84 integer (80 binary)
Coefficient statistics:
  Matrix range     [1e+00, 1e+02]
  Objective range  [2e-01, 3e+00]
  Bounds range     [1e+00, 1e+00]
  RHS range        [1e+00, 1e+02]
Presolve removed 140 rows and 46 columns
Presolve time: 0.00s

Explored 0 nodes (0 simplex iterations) in 0.00 seconds (0.00 work units)
Thread count was 1 (of 8 available processors)

Solution count 0

Model is infeasible or unbounded
Best objective -, best bound -, gap -

Computing Irreducible Inconsistent Subsystem (IIS)...

           Constraints          |            Bounds           |  Runtime
      Min       Max     Guess   |   Min       Max     Guess   |
--------------------------------------------------------------------------
        0       327         -         0        57         -           0s
       13        13         -         0         0         -           0s

IIS computed: 13 constraints, 0 bounds
IIS runtime: 0.01 seconds (0.00 work units)
Warning: constraint name "extr_ubd-('2', 't')-by-expr" has a space

Gurobi 9.5.1 (win64) logging started Wed Jun  8 01:21:52 2022

Set parameter LogFile to value "..\output\sample_4c_5l\/1.1.1\m.log"
Set parameter TimeLimit to value 240
Set parameter MIPGap to value 0.05
Gurobi Optimizer version 9.5.1 build v9.5.1rc2 (win64)
Thread count: 4 physical cores, 8 logical processors, using up to 8 threads
Optimize a model with 335 rows, 137 columns and 802 nonzeros
Model fingerprint: 0xae32462b
Variable types: 53 continuous, 84 integer (80 binary)
Coefficient statistics:
  Matrix range     [1e+00, 1e+02]
  Objective range  [2e-01, 3e+00]
  Bounds range     [1e+00, 1e+00]
  RHS range        [1e+00, 1e+02]
Presolve removed 140 rows and 46 columns
Presolve time: 0.00s

Explored 0 nodes (0 simplex iterations) in 0.00 seconds (0.00 work units)
Thread count was 1 (of 8 available processors)

Solution count 0

Model is infeasible or unbounded
Best objective -, best bound -, gap -

Computing Irreducible Inconsistent Subsystem (IIS)...

           Constraints          |            Bounds           |  Runtime
      Min       Max     Guess   |   Min       Max     Guess   |
--------------------------------------------------------------------------
        0       327         -         0        57         -           0s
       13        13         -         0         0         -           0s

IIS computed: 13 constraints, 0 bounds
IIS runtime: 0.02 seconds (0.00 work units)
Warning: constraint name "extr_ubd-('2', 't')-by-expr" has a space

Gurobi 9.5.1 (win64) logging started Wed Jun  8 09:06:56 2022

Set parameter LogFile to value "..\output\sample_4c_5l\/1.1.1\m.log"
Set parameter TimeLimit to value 240
Set parameter MIPGap to value 0.05
Gurobi Optimizer version 9.5.1 build v9.5.1rc2 (win64)
Thread count: 4 physical cores, 8 logical processors, using up to 8 threads
Optimize a model with 335 rows, 137 columns and 802 nonzeros
Model fingerprint: 0xae32462b
Variable types: 53 continuous, 84 integer (80 binary)
Coefficient statistics:
  Matrix range     [1e+00, 1e+02]
  Objective range  [2e-01, 3e+00]
  Bounds range     [1e+00, 1e+00]
  RHS range        [1e+00, 1e+02]
Presolve removed 140 rows and 46 columns
Presolve time: 0.00s

Explored 0 nodes (0 simplex iterations) in 0.01 seconds (0.00 work units)
Thread count was 1 (of 8 available processors)

Solution count 0

Model is infeasible or unbounded
Best objective -, best bound -, gap -

Computing Irreducible Inconsistent Subsystem (IIS)...

           Constraints          |            Bounds           |  Runtime
      Min       Max     Guess   |   Min       Max     Guess   |
--------------------------------------------------------------------------
        0       327         -         0        57         -           0s
       13        13         -         0         0         -           0s

IIS computed: 13 constraints, 0 bounds
IIS runtime: 0.02 seconds (0.00 work units)
Warning: constraint name "extr_ubd-('2', 't')-by-expr" has a space

Gurobi 9.5.1 (win64) logging started Wed Jun  8 09:12:25 2022

Set parameter LogFile to value "..\output\sample_4c_5l\/1.1.1\m.log"
Set parameter TimeLimit to value 240
Set parameter MIPGap to value 0.05
Gurobi Optimizer version 9.5.1 build v9.5.1rc2 (win64)
Thread count: 4 physical cores, 8 logical processors, using up to 8 threads
Optimize a model with 335 rows, 137 columns and 822 nonzeros
Model fingerprint: 0x0e562732
Variable types: 53 continuous, 84 integer (80 binary)
Coefficient statistics:
  Matrix range     [1e+00, 1e+02]
  Objective range  [2e-01, 3e+00]
  Bounds range     [1e+00, 1e+00]
  RHS range        [1e+00, 1e+02]
Presolve removed 140 rows and 46 columns
Presolve time: 0.00s

Explored 0 nodes (0 simplex iterations) in 0.00 seconds (0.00 work units)
Thread count was 1 (of 8 available processors)

Solution count 0

Model is infeasible or unbounded
Best objective -, best bound -, gap -

Computing Irreducible Inconsistent Subsystem (IIS)...

           Constraints          |            Bounds           |  Runtime
      Min       Max     Guess   |   Min       Max     Guess   |
--------------------------------------------------------------------------
        0       327         -         0        57         -           0s
       13        13         -         0         0         -           0s

IIS computed: 13 constraints, 0 bounds
IIS runtime: 0.02 seconds (0.00 work units)
Warning: constraint name "extr_ubd-('2', 't')-by-expr" has a space

Gurobi 9.5.1 (win64) logging started Wed Jun  8 09:18:58 2022

Set parameter LogFile to value "..\output\sample_4c_5l\/1.1.1\m.log"
Set parameter TimeLimit to value 240
Set parameter MIPGap to value 0.05
Gurobi Optimizer version 9.5.1 build v9.5.1rc2 (win64)
Thread count: 4 physical cores, 8 logical processors, using up to 8 threads
Optimize a model with 335 rows, 137 columns and 822 nonzeros
Model fingerprint: 0x0e562732
Variable types: 53 continuous, 84 integer (80 binary)
Coefficient statistics:
  Matrix range     [1e+00, 1e+02]
  Objective range  [2e-01, 3e+00]
  Bounds range     [1e+00, 1e+00]
  RHS range        [1e+00, 1e+02]
Presolve removed 140 rows and 46 columns
Presolve time: 0.00s

Explored 0 nodes (0 simplex iterations) in 0.00 seconds (0.00 work units)
Thread count was 1 (of 8 available processors)

Solution count 0

Model is infeasible or unbounded
Best objective -, best bound -, gap -

Computing Irreducible Inconsistent Subsystem (IIS)...

           Constraints          |            Bounds           |  Runtime
      Min       Max     Guess   |   Min       Max     Guess   |
--------------------------------------------------------------------------
        0       327         -         0        57         -           0s
       13        13         -         0         0         -           0s

IIS computed: 13 constraints, 0 bounds
IIS runtime: 0.01 seconds (0.00 work units)
Warning: constraint name "extr_ubd-('2', 't')-by-expr" has a space

Gurobi 9.5.1 (win64) logging started Wed Jun  8 09:24:03 2022

Set parameter LogFile to value "..\output\sample_4c_5l\/1.1.1\m.log"
Set parameter TimeLimit to value 240
Set parameter MIPGap to value 0.05
Gurobi Optimizer version 9.5.1 build v9.5.1rc2 (win64)
Thread count: 4 physical cores, 8 logical processors, using up to 8 threads
Optimize a model with 335 rows, 137 columns and 822 nonzeros
Model fingerprint: 0x0e562732
Variable types: 53 continuous, 84 integer (80 binary)
Coefficient statistics:
  Matrix range     [1e+00, 1e+02]
  Objective range  [2e-01, 3e+00]
  Bounds range     [1e+00, 1e+00]
  RHS range        [1e+00, 1e+02]
Presolve removed 140 rows and 46 columns
Presolve time: 0.00s

Explored 0 nodes (0 simplex iterations) in 0.00 seconds (0.00 work units)
Thread count was 1 (of 8 available processors)

Solution count 0

Model is infeasible or unbounded
Best objective -, best bound -, gap -

Computing Irreducible Inconsistent Subsystem (IIS)...

           Constraints          |            Bounds           |  Runtime
      Min       Max     Guess   |   Min       Max     Guess   |
--------------------------------------------------------------------------
        0       327         -         0        57         -           0s
       13        13         -         0         0         -           0s

IIS computed: 13 constraints, 0 bounds
IIS runtime: 0.02 seconds (0.00 work units)
Warning: constraint name "extr_ubd-('2', 't')-by-expr" has a space

Gurobi 9.5.1 (win64) logging started Wed Jun  8 09:26:15 2022

Set parameter LogFile to value "..\output\sample_4c_5l\/1.1.1\m.log"
Set parameter TimeLimit to value 240
Set parameter MIPGap to value 0.05
Gurobi Optimizer version 9.5.1 build v9.5.1rc2 (win64)
Thread count: 4 physical cores, 8 logical processors, using up to 8 threads
Optimize a model with 335 rows, 137 columns and 822 nonzeros
Model fingerprint: 0x0e562732
Variable types: 53 continuous, 84 integer (80 binary)
Coefficient statistics:
  Matrix range     [1e+00, 1e+02]
  Objective range  [2e-01, 3e+00]
  Bounds range     [1e+00, 1e+00]
  RHS range        [1e+00, 1e+02]
Presolve removed 140 rows and 46 columns
Presolve time: 0.00s

Explored 0 nodes (0 simplex iterations) in 0.00 seconds (0.00 work units)
Thread count was 1 (of 8 available processors)

Solution count 0

Model is infeasible or unbounded
Best objective -, best bound -, gap -

Computing Irreducible Inconsistent Subsystem (IIS)...

           Constraints          |            Bounds           |  Runtime
      Min       Max     Guess   |   Min       Max     Guess   |
--------------------------------------------------------------------------
        0       327         -         0        57         -           0s
       13        13         -         0         0         -           0s

IIS computed: 13 constraints, 0 bounds
IIS runtime: 0.01 seconds (0.00 work units)
Warning: constraint name "extr_ubd-('2', 't')-by-expr" has a space

Gurobi 9.5.1 (win64) logging started Wed Jun  8 09:26:40 2022

Set parameter LogFile to value "..\output\sample_4c_5l\/1.1.1\m.log"
Set parameter TimeLimit to value 240
Set parameter MIPGap to value 0.05
Gurobi Optimizer version 9.5.1 build v9.5.1rc2 (win64)
Thread count: 4 physical cores, 8 logical processors, using up to 8 threads
Optimize a model with 335 rows, 137 columns and 822 nonzeros
Model fingerprint: 0x0e562732
Variable types: 53 continuous, 84 integer (80 binary)
Coefficient statistics:
  Matrix range     [1e+00, 1e+02]
  Objective range  [2e-01, 3e+00]
  Bounds range     [1e+00, 1e+00]
  RHS range        [1e+00, 1e+02]
Presolve removed 140 rows and 46 columns
Presolve time: 0.00s

Explored 0 nodes (0 simplex iterations) in 0.01 seconds (0.00 work units)
Thread count was 1 (of 8 available processors)

Solution count 0

Model is infeasible or unbounded
Best objective -, best bound -, gap -

Computing Irreducible Inconsistent Subsystem (IIS)...

           Constraints          |            Bounds           |  Runtime
      Min       Max     Guess   |   Min       Max     Guess   |
--------------------------------------------------------------------------
        0       327         -         0        57         -           0s
       13        13         -         0         0         -           0s

IIS computed: 13 constraints, 0 bounds
IIS runtime: 0.01 seconds (0.00 work units)
Warning: constraint name "extr_ubd-('2', 't')-by-expr" has a space

Gurobi 9.5.1 (win64) logging started Wed Jun  8 09:53:30 2022

Set parameter LogFile to value "..\output\sample_4c_5l\/1.1.1\m.log"
Set parameter TimeLimit to value 240
Set parameter MIPGap to value 0.05
Gurobi Optimizer version 9.5.1 build v9.5.1rc2 (win64)
Thread count: 4 physical cores, 8 logical processors, using up to 8 threads
Optimize a model with 335 rows, 137 columns and 832 nonzeros
Model fingerprint: 0x8eb2ad7e
Variable types: 53 continuous, 84 integer (80 binary)
Coefficient statistics:
  Matrix range     [1e+00, 1e+02]
  Objective range  [2e-01, 3e+00]
  Bounds range     [1e+00, 1e+00]
  RHS range        [1e+00, 1e+02]
Found heuristic solution: objective 2.1780538
Presolve removed 156 rows and 28 columns
Presolve time: 0.01s
Presolved: 179 rows, 109 columns, 673 nonzeros
Variable types: 49 continuous, 60 integer (60 binary)

Root relaxation: objective 1.125684e+01, 65 iterations, 0.00 seconds (0.00 work units)

    Nodes    |    Current Node    |     Objective Bounds      |     Work
 Expl Unexpl |  Obj  Depth IntInf | Incumbent    BestBd   Gap | It/Node Time

     0     0   11.25684    0   19    2.17805   11.25684   417%     -    0s
H    0     0                       8.5963523   11.25684  30.9%     -    0s
H    0     0                       8.8838857   11.25684  26.7%     -    0s
H    0     0                      10.3028196   11.25684  9.26%     -    0s

Cutting planes:
  Gomory: 2
  Implied bound: 1
  Clique: 1
  MIR: 7
  Flow cover: 10
  RLT: 21
  BQP: 23

Explored 1 nodes (65 simplex iterations) in 0.08 seconds (0.01 work units)
Thread count was 8 (of 8 available processors)

Solution count 4: 10.3028 8.88389 8.59635 2.17805 

Optimal solution found (tolerance 5.00e-02)
Best objective 1.030281959640e+01, best bound 1.076570034352e+01, gap 4.4928%

Gurobi 9.5.1 (win64) logging started Wed Jun  8 10:11:53 2022

Set parameter LogFile to value "..\output\sample_4c_5l\/1.1.1\m.log"
Set parameter TimeLimit to value 240
Set parameter MIPGap to value 0.05
Gurobi Optimizer version 9.5.1 build v9.5.1rc2 (win64)
Thread count: 4 physical cores, 8 logical processors, using up to 8 threads
Optimize a model with 335 rows, 137 columns and 832 nonzeros
Model fingerprint: 0x8eb2ad7e
Variable types: 53 continuous, 84 integer (80 binary)
Coefficient statistics:
  Matrix range     [1e+00, 1e+02]
  Objective range  [2e-01, 3e+00]
  Bounds range     [1e+00, 1e+00]
  RHS range        [1e+00, 1e+02]
Found heuristic solution: objective 2.1780538
Presolve removed 156 rows and 28 columns
Presolve time: 0.00s
Presolved: 179 rows, 109 columns, 673 nonzeros
Variable types: 49 continuous, 60 integer (60 binary)

Root relaxation: objective 1.125684e+01, 65 iterations, 0.00 seconds (0.00 work units)

    Nodes    |    Current Node    |     Objective Bounds      |     Work
 Expl Unexpl |  Obj  Depth IntInf | Incumbent    BestBd   Gap | It/Node Time

     0     0   11.25684    0   19    2.17805   11.25684   417%     -    0s
H    0     0                       8.5963523   11.25684  30.9%     -    0s
H    0     0                       8.8838857   11.25684  26.7%     -    0s
H    0     0                      10.3028196   11.25684  9.26%     -    0s

Cutting planes:
  Gomory: 2
  Implied bound: 1
  Clique: 1
  MIR: 7
  Flow cover: 10
  RLT: 21
  BQP: 23

Explored 1 nodes (65 simplex iterations) in 0.02 seconds (0.01 work units)
Thread count was 8 (of 8 available processors)

Solution count 4: 10.3028 8.88389 8.59635 2.17805 

Optimal solution found (tolerance 5.00e-02)
Best objective 1.030281959640e+01, best bound 1.076570034352e+01, gap 4.4928%

    Variable            x 
-------------------------
    contig-1            1 
contigext-1h            1 
contigext-1t            1 
    contig-2            1 
contigext-2h            1 
contigext-2t            1 
    contig-4            1 
contigext-4h            1 
contigext-4t            1 
   link-2t1h            1 
   link-1t4h            1 
link-S-to-2-h            1 
link-4-t-to-T            1 
plasmid-GC-bin-4            1 
contig-1-GC-bin-4            1 
contig-2-GC-bin-4            1 
contig-4-GC-bin-4            1 
counted-seed_contig-2            1 
counted-seed_contig-4            1 
flow_edge-('2', 't')-to-('1', 'h')         1.76 
counted-overall-flow_edge-('2', 't')-to-('1', 'h')         1.76 
flow_edge-('1', 't')-to-('4', 'h')         1.76 
counted-overall-flow_edge-('1', 't')-to-('4', 'h')         1.76 
flow_edge-S-to-('2', 'h')         1.76 
counted-overall-flow_edge-S-to-('2', 'h')         1.76 
flow_edge-('4', 't')-to-T         1.76 
counted-overall-flow_edge-('4', 't')-to-T         1.76 
overall-flow         1.76 
     aux-var            1 
     aux-var            1 
     aux-var            1 
     aux-var            1 
     aux-var            1 
     aux-var            1 

Gurobi 9.5.1 (win64) logging started Wed Jun  8 10:13:02 2022

Set parameter LogFile to value "..\output\sample_4c_5l\/1.1.1\m.log"
Set parameter TimeLimit to value 240
Set parameter MIPGap to value 0.05
Gurobi Optimizer version 9.5.1 build v9.5.1rc2 (win64)
Thread count: 4 physical cores, 8 logical processors, using up to 8 threads
Optimize a model with 335 rows, 137 columns and 832 nonzeros
Model fingerprint: 0x8eb2ad7e
Variable types: 53 continuous, 84 integer (80 binary)
Coefficient statistics:
  Matrix range     [1e+00, 1e+02]
  Objective range  [2e-01, 3e+00]
  Bounds range     [1e+00, 1e+00]
  RHS range        [1e+00, 1e+02]
Found heuristic solution: objective 2.1780538
Presolve removed 156 rows and 28 columns
Presolve time: 0.00s
Presolved: 179 rows, 109 columns, 673 nonzeros
Variable types: 49 continuous, 60 integer (60 binary)

Root relaxation: objective 1.125684e+01, 65 iterations, 0.02 seconds (0.00 work units)

    Nodes    |    Current Node    |     Objective Bounds      |     Work
 Expl Unexpl |  Obj  Depth IntInf | Incumbent    BestBd   Gap | It/Node Time

     0     0   11.25684    0   19    2.17805   11.25684   417%     -    0s
H    0     0                       8.5963523   11.25684  30.9%     -    0s
H    0     0                       8.8838857   11.25684  26.7%     -    0s
H    0     0                      10.3028196   11.25684  9.26%     -    0s

Cutting planes:
  Gomory: 2
  Implied bound: 1
  Clique: 1
  MIR: 7
  Flow cover: 10
  RLT: 21
  BQP: 23

Explored 1 nodes (65 simplex iterations) in 0.03 seconds (0.01 work units)
Thread count was 8 (of 8 available processors)

Solution count 4: 10.3028 8.88389 8.59635 2.17805 

Optimal solution found (tolerance 5.00e-02)
Best objective 1.030281959640e+01, best bound 1.076570034352e+01, gap 4.4928%

    Variable            x 
-------------------------
    contig-1            1 
contigext-1h            1 
contigext-1t            1 
    contig-2            1 
contigext-2h            1 
contigext-2t            1 
    contig-4            1 
contigext-4h            1 
contigext-4t            1 
   link-2t1h            1 
   link-1t4h            1 
link-S-to-2-h            1 
link-4-t-to-T            1 
plasmid-GC-bin-4            1 
contig-1-GC-bin-4            1 
contig-2-GC-bin-4            1 
contig-4-GC-bin-4            1 
counted-seed_contig-2            1 
counted-seed_contig-4            1 
flow_edge-('2', 't')-to-('1', 'h')         1.76 
counted-overall-flow_edge-('2', 't')-to-('1', 'h')         1.76 
flow_edge-('1', 't')-to-('4', 'h')         1.76 
counted-overall-flow_edge-('1', 't')-to-('4', 'h')         1.76 
flow_edge-S-to-('2', 'h')         1.76 
counted-overall-flow_edge-S-to-('2', 'h')         1.76 
flow_edge-('4', 't')-to-T         1.76 
counted-overall-flow_edge-('4', 't')-to-T         1.76 
overall-flow         1.76 
aux-var-('1', 'h')            1 
aux-var-('1', 't')            1 
aux-var-('2', 'h')            1 
aux-var-('2', 't')            1 
aux-var-('4', 'h')            1 
aux-var-('4', 't')            1 

Gurobi 9.5.1 (win64) logging started Wed Jun  8 10:30:10 2022

Set parameter LogFile to value "..\output\sample_4c_5l\/1.1.1\m.log"
Set parameter TimeLimit to value 240
Set parameter MIPGap to value 0.05
Gurobi Optimizer version 9.5.1 build v9.5.1rc2 (win64)
Thread count: 4 physical cores, 8 logical processors, using up to 8 threads
Optimize a model with 335 rows, 137 columns and 832 nonzeros
Model fingerprint: 0x8eb2ad7e
Variable types: 53 continuous, 84 integer (80 binary)
Coefficient statistics:
  Matrix range     [1e+00, 1e+02]
  Objective range  [2e-01, 3e+00]
  Bounds range     [1e+00, 1e+00]
  RHS range        [1e+00, 1e+02]
Found heuristic solution: objective 2.1780538
Presolve removed 156 rows and 28 columns
Presolve time: 0.02s
Presolved: 179 rows, 109 columns, 673 nonzeros
Variable types: 49 continuous, 60 integer (60 binary)

Root relaxation: objective 1.125684e+01, 65 iterations, 0.00 seconds (0.00 work units)

    Nodes    |    Current Node    |     Objective Bounds      |     Work
 Expl Unexpl |  Obj  Depth IntInf | Incumbent    BestBd   Gap | It/Node Time

     0     0   11.25684    0   19    2.17805   11.25684   417%     -    0s
H    0     0                       8.5963523   11.25684  30.9%     -    0s
H    0     0                       8.8838857   11.25684  26.7%     -    0s
H    0     0                      10.3028196   11.25684  9.26%     -    0s

Cutting planes:
  Gomory: 2
  Implied bound: 1
  Clique: 1
  MIR: 7
  Flow cover: 10
  RLT: 21
  BQP: 23

Explored 1 nodes (65 simplex iterations) in 0.04 seconds (0.01 work units)
Thread count was 8 (of 8 available processors)

Solution count 4: 10.3028 8.88389 8.59635 2.17805 

Optimal solution found (tolerance 5.00e-02)
Best objective 1.030281959640e+01, best bound 1.076570034352e+01, gap 4.4928%

    Variable            x 
-------------------------
    contig-1            1 
contigext-1h            1 
contigext-1t            1 
    contig-2            1 
contigext-2h            1 
contigext-2t            1 
    contig-4            1 
contigext-4h            1 
contigext-4t            1 
   link-2t1h            1 
   link-1t4h            1 
link-S-to-2-h            1 
link-4-t-to-T            1 
plasmid-GC-bin-4            1 
contig-1-GC-bin-4            1 
contig-2-GC-bin-4            1 
contig-4-GC-bin-4            1 
counted-seed_contig-2            1 
counted-seed_contig-4            1 
flow_edge-('2', 't')-to-('1', 'h')         1.76 
counted-overall-flow_edge-('2', 't')-to-('1', 'h')         1.76 
flow_edge-('1', 't')-to-('4', 'h')         1.76 
counted-overall-flow_edge-('1', 't')-to-('4', 'h')         1.76 
flow_edge-S-to-('2', 'h')         1.76 
counted-overall-flow_edge-S-to-('2', 'h')         1.76 
flow_edge-('4', 't')-to-T         1.76 
counted-overall-flow_edge-('4', 't')-to-T         1.76 
overall-flow         1.76 
aux-var-('1', 'h')            1 
aux-var-('1', 't')            1 
aux-var-('2', 'h')            1 
aux-var-('2', 't')            1 
aux-var-('4', 'h')            1 
aux-var-('4', 't')            1 

Gurobi 9.5.1 (win64) logging started Wed Jun  8 10:30:10 2022

Set parameter LogFile to value "..\output\sample_4c_5l\/1.1.1\m.log"
Set parameter TimeLimit to value 240
Set parameter MIPGap to value 0.05
Gurobi Optimizer version 9.5.1 build v9.5.1rc2 (win64)
Thread count: 4 physical cores, 8 logical processors, using up to 8 threads
Optimize a model with 257 rows, 106 columns and 638 nonzeros
Model fingerprint: 0x66ee2352
Variable types: 41 continuous, 65 integer (62 binary)
Coefficient statistics:
  Matrix range     [1e+00, 1e+02]
  Objective range  [2e-01, 3e+00]
  Bounds range     [1e+00, 1e+00]
  RHS range        [1e+00, 1e+02]
Found heuristic solution: objective 4.1068484
Presolve removed 126 rows and 27 columns
Presolve time: 0.02s
Presolved: 131 rows, 79 columns, 482 nonzeros
Variable types: 39 continuous, 40 integer (40 binary)

Root relaxation: objective 7.240700e+00, 17 iterations, 0.00 seconds (0.00 work units)

    Nodes    |    Current Node    |     Objective Bounds      |     Work
 Expl Unexpl |  Obj  Depth IntInf | Incumbent    BestBd   Gap | It/Node Time

*    0     0               0       7.2407003    7.24070  0.00%     -    0s

Explored 1 nodes (17 simplex iterations) in 0.02 seconds (0.00 work units)
Thread count was 8 (of 8 available processors)

Solution count 2: 7.2407 4.10685 

Optimal solution found (tolerance 5.00e-02)
Best objective 7.240700343522e+00, best bound 7.240700343522e+00, gap 0.0000%

    Variable            x 
-------------------------
    contig-1            1 
contigext-1h            1 
contigext-1t            1 
    contig-4            1 
contigext-4h            1 
contigext-4t            1 
   link-4h1t            1 
link-1-h-to-T            1 
link-S-to-4-t            1 
plasmid-GC-bin-4            1 
contig-1-GC-bin-4            1 
contig-4-GC-bin-4            1 
counted-seed_contig-4            1 
flow_edge-('4', 'h')-to-('1', 't')         1.73 
counted-overall-flow_edge-('4', 'h')-to-('1', 't')         1.73 
flow_edge-('1', 'h')-to-T         1.73 
counted-overall-flow_edge-('1', 'h')-to-T         1.73 
flow_edge-S-to-('4', 't')         1.73 
counted-overall-flow_edge-S-to-('4', 't')         1.73 
overall-flow         1.73 
aux-var-('1', 'h')            1 
aux-var-('1', 't')            1 
aux-var-('4', 'h')            1 
aux-var-('4', 't')            1 

Gurobi 9.5.1 (win64) logging started Wed Jun  8 10:55:17 2022

Set parameter LogFile to value "..\output\sample_4c_5l\/1.1.1\m.log"
Set parameter TimeLimit to value 240
Set parameter MIPGap to value 0.05
Gurobi Optimizer version 9.5.1 build v9.5.1rc2 (win64)
Thread count: 4 physical cores, 8 logical processors, using up to 8 threads
Optimize a model with 335 rows, 137 columns and 832 nonzeros
Model fingerprint: 0x8eb2ad7e
Variable types: 53 continuous, 84 integer (80 binary)
Coefficient statistics:
  Matrix range     [1e+00, 1e+02]
  Objective range  [2e-01, 3e+00]
  Bounds range     [1e+00, 1e+00]
  RHS range        [1e+00, 1e+02]
Found heuristic solution: objective 2.1780538
Presolve removed 156 rows and 28 columns
Presolve time: 0.00s
Presolved: 179 rows, 109 columns, 673 nonzeros
Variable types: 49 continuous, 60 integer (60 binary)

Root relaxation: objective 1.125684e+01, 65 iterations, 0.00 seconds (0.00 work units)

    Nodes    |    Current Node    |     Objective Bounds      |     Work
 Expl Unexpl |  Obj  Depth IntInf | Incumbent    BestBd   Gap | It/Node Time

     0     0   11.25684    0   19    2.17805   11.25684   417%     -    0s
H    0     0                       8.5963523   11.25684  30.9%     -    0s
H    0     0                       8.8838857   11.25684  26.7%     -    0s
H    0     0                      10.3028196   11.25684  9.26%     -    0s

Cutting planes:
  Gomory: 2
  Implied bound: 1
  Clique: 1
  MIR: 7
  Flow cover: 10
  RLT: 21
  BQP: 23

Explored 1 nodes (65 simplex iterations) in 0.02 seconds (0.01 work units)
Thread count was 8 (of 8 available processors)

Solution count 4: 10.3028 8.88389 8.59635 2.17805 

Optimal solution found (tolerance 5.00e-02)
Best objective 1.030281959640e+01, best bound 1.076570034352e+01, gap 4.4928%

    Variable            x 
-------------------------
    contig-1            1 
contigext-1h            1 
contigext-1t            1 
    contig-2            1 
contigext-2h            1 
contigext-2t            1 
    contig-4            1 
contigext-4h            1 
contigext-4t            1 
   link-2t1h            1 
   link-1t4h            1 
link-S-to-2-h            1 
link-4-t-to-T            1 
plasmid-GC-bin-4            1 
contig-1-GC-bin-4            1 
contig-2-GC-bin-4            1 
contig-4-GC-bin-4            1 
counted-seed_contig-2            1 
counted-seed_contig-4            1 
flow_edge-('2', 't')-to-('1', 'h')         1.76 
counted-overall-flow_edge-('2', 't')-to-('1', 'h')         1.76 
flow_edge-('1', 't')-to-('4', 'h')         1.76 
counted-overall-flow_edge-('1', 't')-to-('4', 'h')         1.76 
flow_edge-S-to-('2', 'h')         1.76 
counted-overall-flow_edge-S-to-('2', 'h')         1.76 
flow_edge-('4', 't')-to-T         1.76 
counted-overall-flow_edge-('4', 't')-to-T         1.76 
overall-flow         1.76 
aux-var-('1', 'h')            1 
aux-var-('1', 't')            1 
aux-var-('2', 'h')            1 
aux-var-('2', 't')            1 
aux-var-('4', 'h')            1 
aux-var-('4', 't')            1 

Gurobi 9.5.1 (win64) logging started Wed Jun  8 10:55:17 2022

Set parameter LogFile to value "..\output\sample_4c_5l\/1.1.1\m.log"
Set parameter TimeLimit to value 240
Set parameter MIPGap to value 0.05
Gurobi Optimizer version 9.5.1 build v9.5.1rc2 (win64)
Thread count: 4 physical cores, 8 logical processors, using up to 8 threads
Optimize a model with 257 rows, 106 columns and 638 nonzeros
Model fingerprint: 0x66ee2352
Variable types: 41 continuous, 65 integer (62 binary)
Coefficient statistics:
  Matrix range     [1e+00, 1e+02]
  Objective range  [2e-01, 3e+00]
  Bounds range     [1e+00, 1e+00]
  RHS range        [1e+00, 1e+02]
Found heuristic solution: objective 4.1068484
Presolve removed 126 rows and 27 columns
Presolve time: 0.00s
Presolved: 131 rows, 79 columns, 482 nonzeros
Variable types: 39 continuous, 40 integer (40 binary)

Root relaxation: objective 7.240700e+00, 17 iterations, 0.00 seconds (0.00 work units)

    Nodes    |    Current Node    |     Objective Bounds      |     Work
 Expl Unexpl |  Obj  Depth IntInf | Incumbent    BestBd   Gap | It/Node Time

*    0     0               0       7.2407003    7.24070  0.00%     -    0s

Explored 1 nodes (17 simplex iterations) in 0.00 seconds (0.00 work units)
Thread count was 8 (of 8 available processors)

Solution count 2: 7.2407 4.10685 

Optimal solution found (tolerance 5.00e-02)
Best objective 7.240700343522e+00, best bound 7.240700343522e+00, gap 0.0000%

    Variable            x 
-------------------------
    contig-1            1 
contigext-1h            1 
contigext-1t            1 
    contig-4            1 
contigext-4h            1 
contigext-4t            1 
   link-4h1t            1 
link-1-h-to-T            1 
link-S-to-4-t            1 
plasmid-GC-bin-4            1 
contig-1-GC-bin-4            1 
contig-4-GC-bin-4            1 
counted-seed_contig-4            1 
flow_edge-('4', 'h')-to-('1', 't')         1.73 
counted-overall-flow_edge-('4', 'h')-to-('1', 't')         1.73 
flow_edge-('1', 'h')-to-T         1.73 
counted-overall-flow_edge-('1', 'h')-to-T         1.73 
flow_edge-S-to-('4', 't')         1.73 
counted-overall-flow_edge-S-to-('4', 't')         1.73 
overall-flow         1.73 
aux-var-('1', 'h')            1 
aux-var-('1', 't')            1 
aux-var-('4', 'h')            1 
aux-var-('4', 't')            1 
