root - INFO - DATA	File ./data/SAMEA12292472-unicycler.gfa.gz contains 407 contigs and 1036 edges
root - INFO - DATA	File ./data/SAMEA12292472-unicycler.gfa.gz minimum coverage 0.409751768726019 maximum coverage 54.39724425435728
root - INFO - DATA	File ./preprocessing_output/SAMEA12292472-unicycler.gd.tsv maximum plasmid score 1.0
root - INFO - DATA	File ./data/SAMEA12292472-unicycler.gfa.gz has 2 seed(s)
gurobipy.gurobipy - INFO - Using license file /cvmfs/restricted.computecanada.ca/config/licenses/gurobi/clusters/cedar.lic
gurobipy.gurobipy - INFO - Set parameter TokenServer to value license1.computecanada.ca
gurobipy.gurobipy - INFO - Changed value of parameter LogFile to binning_output/m.log
gurobipy.gurobipy - INFO -    Prev:   Default: 
gurobipy.gurobipy - INFO - Changed value of parameter TimeLimit to 2400.0
gurobipy.gurobipy - INFO -    Prev: inf  Min: 0.0  Max: inf  Default: inf
gurobipy.gurobipy - INFO - Changed value of parameter MIPGap to 0.05
gurobipy.gurobipy - INFO -    Prev: 0.0001  Min: 0.0  Max: inf  Default: 0.0001
gurobipy.gurobipy - INFO - Gurobi Optimizer version 9.1.2 build v9.1.2rc0 (linux64)
gurobipy.gurobipy - INFO - Thread count: 32 physical cores, 32 logical processors, using up to 32 threads
gurobipy.gurobipy - INFO - Optimize a model with 29416 rows, 10848 columns and 68869 nonzeros
gurobipy.gurobipy - INFO - Model fingerprint: 0xb353cf40
gurobipy.gurobipy - INFO - Variable types: 5329 continuous, 5519 integer (5519 binary)
gurobipy.gurobipy - INFO - Coefficient statistics:
gurobipy.gurobipy - INFO -   Matrix range     [2e-03, 5e+01]
gurobipy.gurobipy - INFO -   Objective range  [2e-16, 1e+00]
gurobipy.gurobipy - INFO -   Bounds range     [1e+00, 1e+00]
gurobipy.gurobipy - INFO -   RHS range        [4e-01, 5e+01]
gurobipy.gurobipy - INFO - Presolve removed 7924 rows and 1812 columns
gurobipy.gurobipy - INFO - Presolve time: 1.36s
gurobipy.gurobipy - INFO - Presolved: 21492 rows, 9036 columns, 91452 nonzeros
gurobipy.gurobipy - INFO - Variable types: 4214 continuous, 4822 integer (4822 binary)
gurobipy.gurobipy - INFO - 
gurobipy.gurobipy - INFO - Root relaxation: objective 5.306939e+00, 80 iterations, 0.05 seconds
gurobipy.gurobipy - INFO - 
gurobipy.gurobipy - INFO -     Nodes    |    Current Node    |     Objective Bounds      |     Work
gurobipy.gurobipy - INFO -  Expl Unexpl |  Obj  Depth IntInf | Incumbent    BestBd   Gap | It/Node Time
gurobipy.gurobipy - INFO - 
gurobipy.gurobipy - INFO -      0     0    5.30694    0   16          -    5.30694      -     -    1s
gurobipy.gurobipy - INFO - H    0     0                       1.4528397    5.30694   265%     -    2s
gurobipy.gurobipy - INFO - H    0     0                       2.2114698    5.30694   140%     -    2s
gurobipy.gurobipy - INFO -      0     0    4.02629    0   63    2.21147    4.02629  82.1%     -    6s
gurobipy.gurobipy - INFO -      0     0    4.02629    0   62    2.21147    4.02629  82.1%     -    7s
gurobipy.gurobipy - INFO -      0     0    3.82770    0  115    2.21147    3.82770  73.1%     -   11s
gurobipy.gurobipy - INFO -      0     0    3.52097    0  117    2.21147    3.52097  59.2%     -   13s
gurobipy.gurobipy - INFO -      0     0    3.27597    0  116    2.21147    3.27597  48.1%     -   14s
gurobipy.gurobipy - INFO -      0     0    3.22291    0  110    2.21147    3.22291  45.7%     -   14s
gurobipy.gurobipy - INFO -      0     0    3.22073    0  109    2.21147    3.22073  45.6%     -   15s
gurobipy.gurobipy - INFO -      0     0    3.22073    0  109    2.21147    3.22073  45.6%     -   15s
gurobipy.gurobipy - INFO -      0     0    3.19188    0  150    2.21147    3.19188  44.3%     -   16s
gurobipy.gurobipy - INFO -      0     0    3.19188    0   12    2.21147    3.19188  44.3%     -   33s
gurobipy.gurobipy - INFO -      0     0    3.19188    0  108    2.21147    3.19188  44.3%     -   35s
gurobipy.gurobipy - INFO -      0     0    3.08271    0  128    2.21147    3.08271  39.4%     -   35s
gurobipy.gurobipy - INFO -      0     0    3.07508    0  136    2.21147    3.07508  39.1%     -   35s
gurobipy.gurobipy - INFO -      0     0    2.95788    0  138    2.21147    2.95788  33.8%     -   36s
gurobipy.gurobipy - INFO -      0     0    2.78497    0  137    2.21147    2.78497  25.9%     -   36s
gurobipy.gurobipy - INFO - 
gurobipy.gurobipy - INFO - Cutting planes:
gurobipy.gurobipy - INFO -   Learned: 7
gurobipy.gurobipy - INFO -   Gomory: 1
gurobipy.gurobipy - INFO -   Cover: 26
gurobipy.gurobipy - INFO -   Implied bound: 108
gurobipy.gurobipy - INFO -   Clique: 6
gurobipy.gurobipy - INFO -   MIR: 8
gurobipy.gurobipy - INFO -   Flow cover: 45
gurobipy.gurobipy - INFO -   Zero half: 4
gurobipy.gurobipy - INFO -   Network: 1
gurobipy.gurobipy - INFO -   RLT: 73
gurobipy.gurobipy - INFO -   Relax-and-lift: 2
gurobipy.gurobipy - INFO -   BQP: 7
gurobipy.gurobipy - INFO - 
gurobipy.gurobipy - INFO - Explored 1 nodes (3488 simplex iterations) in 36.69 seconds
gurobipy.gurobipy - INFO - Thread count was 32 (of 32 available processors)
gurobipy.gurobipy - INFO - 
gurobipy.gurobipy - INFO - Solution count 2: 2.21147 1.45284 
gurobipy.gurobipy - INFO - 
gurobipy.gurobipy - INFO - Optimal solution found (tolerance 5.00e-02)
gurobipy.gurobipy - INFO - Best objective 2.211469832697e+00, best bound 2.303061570292e+00, gap 4.1417%
root - INFO - MILP	Iteration 0: 36.74992513656616
gurobipy.gurobipy - INFO - 
gurobipy.gurobipy - INFO -     Variable            x 
gurobipy.gurobipy - INFO - -------------------------
gurobipy.gurobipy - INFO -   contig-121            1 
gurobipy.gurobipy - INFO -   contig-211            1 
gurobipy.gurobipy - INFO - link-121t211t            1 
gurobipy.gurobipy - INFO - link-S-to-121-h            1 
gurobipy.gurobipy - INFO - link-211-h-to-T            1 
gurobipy.gurobipy - INFO - plasmid-GC-bin-0.55-0.6            1 
gurobipy.gurobipy - INFO - contig-121-GC-bin-0.55-0.6            1 
gurobipy.gurobipy - INFO - contig-211-GC-bin-0.55-0.6            1 
gurobipy.gurobipy - INFO - flow_edge-('121', 't')-to-('211', 't')       1.3584 
gurobipy.gurobipy - INFO - counted-overall-flow_edge-('121', 't')-to-('211', 't')       1.3584 
gurobipy.gurobipy - INFO - flow_edge-S-to-('121', 'h')       1.3584 
gurobipy.gurobipy - INFO - counted-overall-flow_edge-S-to-('121', 'h')       1.3584 
gurobipy.gurobipy - INFO - flow_edge-('211', 'h')-to-T       1.3584 
gurobipy.gurobipy - INFO - counted-overall-flow_edge-('211', 'h')-to-T       1.3584 
gurobipy.gurobipy - INFO - overall-flow       1.3584 
gurobipy.gurobipy - INFO - Changed value of parameter LogFile to binning_output/m.log
gurobipy.gurobipy - INFO -    Prev:   Default: 
gurobipy.gurobipy - INFO - Changed value of parameter TimeLimit to 2400.0
gurobipy.gurobipy - INFO -    Prev: inf  Min: 0.0  Max: inf  Default: inf
gurobipy.gurobipy - INFO - Changed value of parameter MIPGap to 0.05
gurobipy.gurobipy - INFO -    Prev: 0.0001  Min: 0.0  Max: inf  Default: 0.0001
gurobipy.gurobipy - INFO - Gurobi Optimizer version 9.1.2 build v9.1.2rc0 (linux64)
gurobipy.gurobipy - INFO - Thread count: 32 physical cores, 32 logical processors, using up to 32 threads
gurobipy.gurobipy - INFO - Optimize a model with 29332 rows, 10817 columns and 68657 nonzeros
gurobipy.gurobipy - INFO - Model fingerprint: 0x2e84ddaa
gurobipy.gurobipy - INFO - Variable types: 5313 continuous, 5504 integer (5504 binary)
gurobipy.gurobipy - INFO - Coefficient statistics:
gurobipy.gurobipy - INFO -   Matrix range     [2e-03, 5e+01]
gurobipy.gurobipy - INFO -   Objective range  [2e-16, 1e+00]
gurobipy.gurobipy - INFO -   Bounds range     [1e+00, 1e+00]
gurobipy.gurobipy - INFO -   RHS range        [4e-01, 5e+01]
gurobipy.gurobipy - INFO - Presolve removed 7965 rows and 1831 columns
gurobipy.gurobipy - INFO - Presolve time: 1.36s
gurobipy.gurobipy - INFO - Presolved: 21367 rows, 8986 columns, 93904 nonzeros
gurobipy.gurobipy - INFO - Variable types: 4191 continuous, 4795 integer (4795 binary)
gurobipy.gurobipy - INFO - Found heuristic solution: objective 1.1225641
gurobipy.gurobipy - INFO - 
gurobipy.gurobipy - INFO - Root relaxation: objective 4.068058e+00, 41 iterations, 0.02 seconds
gurobipy.gurobipy - INFO - 
gurobipy.gurobipy - INFO -     Nodes    |    Current Node    |     Objective Bounds      |     Work
gurobipy.gurobipy - INFO -  Expl Unexpl |  Obj  Depth IntInf | Incumbent    BestBd   Gap | It/Node Time
gurobipy.gurobipy - INFO - 
gurobipy.gurobipy - INFO -      0     0    4.06806    0   10    1.12256    4.06806   262%     -    1s
gurobipy.gurobipy - INFO -      0     0    2.93925    0   52    1.12256    2.93925   162%     -    4s
gurobipy.gurobipy - INFO -      0     0    2.93925    0   52    1.12256    2.93925   162%     -    5s
gurobipy.gurobipy - INFO -      0     0    2.67058    0   96    1.12256    2.67058   138%     -    8s
gurobipy.gurobipy - INFO -      0     0    2.57937    0   82    1.12256    2.57937   130%     -    9s
gurobipy.gurobipy - INFO -      0     0    2.57767    0   97    1.12256    2.57767   130%     -    9s
gurobipy.gurobipy - INFO -      0     0    2.57767    0   98    1.12256    2.57767   130%     -    9s
gurobipy.gurobipy - INFO -      0     0    2.33971    0   84    1.12256    2.33971   108%     -   11s
gurobipy.gurobipy - INFO -      0     0    2.32823    0   97    1.12256    2.32823   107%     -   13s
gurobipy.gurobipy - INFO -      0     0    2.23583    0   98    1.12256    2.23583  99.2%     -   13s
gurobipy.gurobipy - INFO - 
gurobipy.gurobipy - INFO - Cutting planes:
gurobipy.gurobipy - INFO -   Learned: 3
gurobipy.gurobipy - INFO -   Gomory: 4
gurobipy.gurobipy - INFO -   Cover: 27
gurobipy.gurobipy - INFO -   Implied bound: 87
gurobipy.gurobipy - INFO -   Clique: 9
gurobipy.gurobipy - INFO -   MIR: 10
gurobipy.gurobipy - INFO -   Flow cover: 39
gurobipy.gurobipy - INFO -   GUB cover: 1
gurobipy.gurobipy - INFO -   Network: 3
gurobipy.gurobipy - INFO -   RLT: 48
gurobipy.gurobipy - INFO -   Relax-and-lift: 4
gurobipy.gurobipy - INFO - 
gurobipy.gurobipy - INFO - Explored 1 nodes (1551 simplex iterations) in 15.15 seconds
gurobipy.gurobipy - INFO - Thread count was 32 (of 32 available processors)
gurobipy.gurobipy - INFO - 
gurobipy.gurobipy - INFO - Solution count 1: 1.12256 
gurobipy.gurobipy - INFO - 
gurobipy.gurobipy - INFO - Optimal solution found (tolerance 5.00e-02)
gurobipy.gurobipy - INFO - Best objective 1.122564058267e+00, best bound 1.172990376783e+00, gap 4.4921%
root - INFO - MILP	Iteration 0: 15.169107675552368
gurobipy.gurobipy - INFO - 
gurobipy.gurobipy - INFO -     Variable            x 
gurobipy.gurobipy - INFO - -------------------------
gurobipy.gurobipy - INFO -    contig-94            1 
gurobipy.gurobipy - INFO - link-S-to-94-h            1 
gurobipy.gurobipy - INFO - link-94-t-to-T            1 
gurobipy.gurobipy - INFO - plasmid-GC-bin-0.55-0.6            1 
gurobipy.gurobipy - INFO - contig-94-GC-bin-0.55-0.6            1 
gurobipy.gurobipy - INFO - flow_edge-S-to-('94', 'h')     0.792021 
gurobipy.gurobipy - INFO - counted-overall-flow_edge-S-to-('94', 'h')     0.792021 
gurobipy.gurobipy - INFO - flow_edge-('94', 't')-to-T     0.792021 
gurobipy.gurobipy - INFO - counted-overall-flow_edge-('94', 't')-to-T     0.792021 
gurobipy.gurobipy - INFO - overall-flow     0.792021 
