root - INFO - ## Prepare temporary FASTA/GFA files
root - INFO - ACTION	copy assembly files for sample SAMN11056450
root - INFO - FILE	tuning_tmp/SAMN11056450.gfa
root - INFO - FILE	tuning_tmp/SAMN11056450.gfa.fasta
root - INFO - ACTION	copy assembly files for sample SAMD00491671
root - INFO - FILE	tuning_tmp/SAMD00491671.gfa
root - INFO - FILE	tuning_tmp/SAMD00491671.gfa.fasta
root - INFO - ACTION	copy assembly files for sample SAMD00491757
root - INFO - FILE	tuning_tmp/SAMD00491757.gfa
root - INFO - FILE	tuning_tmp/SAMD00491757.gfa.fasta
root - INFO - ACTION	copy assembly files for sample SAMEA8911316
root - INFO - FILE	tuning_tmp/SAMEA8911316.gfa
root - INFO - FILE	tuning_tmp/SAMEA8911316.gfa.fasta
root - INFO - ACTION	copy assembly files for sample SAMN15735178
root - INFO - FILE	tuning_tmp/SAMN15735178.gfa
root - INFO - FILE	tuning_tmp/SAMN15735178.gfa.fasta
root - INFO - ## Compute GC content intervals files
root - INFO - ACTION	record chr FASTA files paths
root - INFO - FILE	tuning_tmp/chr.fasta.txt
root - INFO - ACTION	record pls FASTA files paths
root - INFO - FILE	tuning_tmp/pls.fasta.txt
root - INFO - ACTION	compute GC content intervals files output/gc.txt
root - INFO - FILE	output/gc.csv
root - INFO - FILE	output/gc.png
root - INFO - FILE	output/gc.txt
root - INFO - ## Prepare temporary FASTA/GFA files
root - INFO - ACTION	copy assembly files for sample SAMN11056450
root - INFO - FILE	tuning_tmp/SAMN11056450.gfa
root - INFO - FILE	tuning_tmp/SAMN11056450.gfa.fasta
root - INFO - ACTION	copy assembly files for sample SAMD00491671
root - INFO - FILE	tuning_tmp/SAMD00491671.gfa
root - INFO - FILE	tuning_tmp/SAMD00491671.gfa.fasta
root - INFO - ACTION	copy assembly files for sample SAMD00491757
root - INFO - FILE	tuning_tmp/SAMD00491757.gfa
root - INFO - FILE	tuning_tmp/SAMD00491757.gfa.fasta
root - INFO - ACTION	copy assembly files for sample SAMEA8911316
root - INFO - FILE	tuning_tmp/SAMEA8911316.gfa
root - INFO - FILE	tuning_tmp/SAMEA8911316.gfa.fasta
root - INFO - ACTION	copy assembly files for sample SAMN15735178
root - INFO - FILE	tuning_tmp/SAMN15735178.gfa
root - INFO - FILE	tuning_tmp/SAMN15735178.gfa.fasta
root - INFO - ## Compute ground truth and create new dataset CSV file
root - INFO - ACTION	ground truth for SAMN11056450
root - INFO - ACTION	Mapping contigs to plasmids
root - INFO - ACTION	compute blast database for tuning_tmp/SAMN11056450.pls.fasta: tuning_tmp/SAMN11056450.pls.fasta.db
root - INFO - COMMAND makeblastdb -in tuning_tmp/SAMN11056450.pls.fasta -dbtype nucl -out tuning_tmp/SAMN11056450.pls.fasta.db
root - INFO - STDOUT:


Building a new DB, current time: 09/03/2023 12:46:31
New DB name:   /project/6069942/PLASMIDS/USRA_PLASMIDS_2023/bin/PlasBin-flow/example/tuning/tuning_tmp/SAMN11056450.pls.fasta.db
New DB title:  tuning_tmp/SAMN11056450.pls.fasta
Sequence type: Nucleotide
Keep MBits: T
Maximum file size: 1000000000B
Adding sequences from FASTA; added 1 sequences in 0.000853062 seconds.



root - INFO - STDOUT:


Building a new DB, current time: 09/03/2023 12:46:31
New DB name:   /project/6069942/PLASMIDS/USRA_PLASMIDS_2023/bin/PlasBin-flow/example/tuning/tuning_tmp/SAMN11056450.pls.fasta.db
New DB title:  tuning_tmp/SAMN11056450.pls.fasta
Sequence type: Nucleotide
Deleted existing Nucleotide BLAST database named /project/6069942/PLASMIDS/USRA_PLASMIDS_2023/bin/PlasBin-flow/example/tuning/tuning_tmp/SAMN11056450.pls.fasta.db
Keep MBits: T
Maximum file size: 1000000000B
Adding sequences from FASTA; added 1 sequences in 0.00113201 seconds.



root - INFO - STDOUT:


Building a new DB, current time: 09/03/2023 12:46:32
New DB name:   /project/6069942/PLASMIDS/USRA_PLASMIDS_2023/bin/PlasBin-flow/example/tuning/tuning_tmp/SAMN11056450.pls.fasta.db
New DB title:  tuning_tmp/SAMN11056450.pls.fasta
Sequence type: Nucleotide
Deleted existing Nucleotide BLAST database named /project/6069942/PLASMIDS/USRA_PLASMIDS_2023/bin/PlasBin-flow/example/tuning/tuning_tmp/SAMN11056450.pls.fasta.db
Keep MBits: T
Maximum file size: 1000000000B
Adding sequences from FASTA; added 1 sequences in 0.000680208 seconds.



root - INFO - STDOUT:


Building a new DB, current time: 09/03/2023 12:46:41
New DB name:   /project/6069942/PLASMIDS/USRA_PLASMIDS_2023/bin/PlasBin-flow/example/tuning/tuning_tmp/SAMN11056450.pls.fasta.db
New DB title:  tuning_tmp/SAMN11056450.pls.fasta
Sequence type: Nucleotide
Deleted existing Nucleotide BLAST database named /project/6069942/PLASMIDS/USRA_PLASMIDS_2023/bin/PlasBin-flow/example/tuning/tuning_tmp/SAMN11056450.pls.fasta.db
Keep MBits: T
Maximum file size: 1000000000B
Adding sequences from FASTA; added 1 sequences in 0.00109506 seconds.



root - INFO - STDOUT:


Building a new DB, current time: 09/03/2023 12:46:42
New DB name:   /project/6069942/PLASMIDS/USRA_PLASMIDS_2023/bin/PlasBin-flow/example/tuning/tuning_tmp/SAMN11056450.pls.fasta.db
New DB title:  tuning_tmp/SAMN11056450.pls.fasta
Sequence type: Nucleotide
Deleted existing Nucleotide BLAST database named /project/6069942/PLASMIDS/USRA_PLASMIDS_2023/bin/PlasBin-flow/example/tuning/tuning_tmp/SAMN11056450.pls.fasta.db
Keep MBits: T
Maximum file size: 1000000000B
Adding sequences from FASTA; added 1 sequences in 0.00151992 seconds.



root - INFO - ACTION	map tuning_tmp/SAMN11056450.gfa.fasta to tuning_tmp/SAMN11056450.pls.fasta.db
root - INFO - COMMAND blastn -task megablast -query tuning_tmp/SAMN11056450.gfa.fasta -db tuning_tmp/SAMN11056450.pls.fasta.db -out tuning_tmp/SAMN11056450.pls_mappings.txt -outfmt 6
root - INFO - STDOUT:

root - INFO - STDOUT:

root - INFO - STDOUT:

root - INFO - STDOUT:

root - INFO - STDOUT:

root - INFO - FILE	tuning_tmp/SAMN11056450.pls_mappings.txt
root - INFO - ACTION	compute ground truth file
root - INFO - FILE	output/SAMN11056450.ground_truth.tsv
root - INFO - ACTION	ground truth for SAMD00491671
root - INFO - ACTION	Mapping contigs to plasmids
root - INFO - ACTION	compute blast database for tuning_tmp/SAMD00491671.pls.fasta: tuning_tmp/SAMD00491671.pls.fasta.db
root - INFO - COMMAND makeblastdb -in tuning_tmp/SAMD00491671.pls.fasta -dbtype nucl -out tuning_tmp/SAMD00491671.pls.fasta.db
root - INFO - STDOUT:


Building a new DB, current time: 09/03/2023 12:46:53
New DB name:   /project/6069942/PLASMIDS/USRA_PLASMIDS_2023/bin/PlasBin-flow/example/tuning/tuning_tmp/SAMD00491671.pls.fasta.db
New DB title:  tuning_tmp/SAMD00491671.pls.fasta
Sequence type: Nucleotide
Keep MBits: T
Maximum file size: 1000000000B
Adding sequences from FASTA; added 1 sequences in 0.00119901 seconds.



root - INFO - STDOUT:


Building a new DB, current time: 09/03/2023 12:47:02
New DB name:   /project/6069942/PLASMIDS/USRA_PLASMIDS_2023/bin/PlasBin-flow/example/tuning/tuning_tmp/SAMD00491671.pls.fasta.db
New DB title:  tuning_tmp/SAMD00491671.pls.fasta
Sequence type: Nucleotide
Deleted existing Nucleotide BLAST database named /project/6069942/PLASMIDS/USRA_PLASMIDS_2023/bin/PlasBin-flow/example/tuning/tuning_tmp/SAMD00491671.pls.fasta.db
Keep MBits: T
Maximum file size: 1000000000B
Adding sequences from FASTA; added 1 sequences in 0.000730038 seconds.



root - INFO - STDOUT:


Building a new DB, current time: 09/03/2023 12:47:03
New DB name:   /project/6069942/PLASMIDS/USRA_PLASMIDS_2023/bin/PlasBin-flow/example/tuning/tuning_tmp/SAMD00491671.pls.fasta.db
New DB title:  tuning_tmp/SAMD00491671.pls.fasta
Sequence type: Nucleotide
Deleted existing Nucleotide BLAST database named /project/6069942/PLASMIDS/USRA_PLASMIDS_2023/bin/PlasBin-flow/example/tuning/tuning_tmp/SAMD00491671.pls.fasta.db
Keep MBits: T
Maximum file size: 1000000000B
Adding sequences from FASTA; added 1 sequences in 0.00104785 seconds.



root - INFO - STDOUT:


Building a new DB, current time: 09/03/2023 12:47:04
New DB name:   /project/6069942/PLASMIDS/USRA_PLASMIDS_2023/bin/PlasBin-flow/example/tuning/tuning_tmp/SAMD00491671.pls.fasta.db
New DB title:  tuning_tmp/SAMD00491671.pls.fasta
Sequence type: Nucleotide
Deleted existing Nucleotide BLAST database named /project/6069942/PLASMIDS/USRA_PLASMIDS_2023/bin/PlasBin-flow/example/tuning/tuning_tmp/SAMD00491671.pls.fasta.db
Keep MBits: T
Maximum file size: 1000000000B
Adding sequences from FASTA; added 1 sequences in 0.000695944 seconds.



root - INFO - STDOUT:


Building a new DB, current time: 09/03/2023 12:47:04
New DB name:   /project/6069942/PLASMIDS/USRA_PLASMIDS_2023/bin/PlasBin-flow/example/tuning/tuning_tmp/SAMD00491671.pls.fasta.db
New DB title:  tuning_tmp/SAMD00491671.pls.fasta
Sequence type: Nucleotide
Deleted existing Nucleotide BLAST database named /project/6069942/PLASMIDS/USRA_PLASMIDS_2023/bin/PlasBin-flow/example/tuning/tuning_tmp/SAMD00491671.pls.fasta.db
Keep MBits: T
Maximum file size: 1000000000B
Adding sequences from FASTA; added 1 sequences in 0.000982046 seconds.



root - INFO - ACTION	map tuning_tmp/SAMD00491671.gfa.fasta to tuning_tmp/SAMD00491671.pls.fasta.db
root - INFO - COMMAND blastn -task megablast -query tuning_tmp/SAMD00491671.gfa.fasta -db tuning_tmp/SAMD00491671.pls.fasta.db -out tuning_tmp/SAMD00491671.pls_mappings.txt -outfmt 6
root - INFO - STDOUT:

root - INFO - STDOUT:

root - INFO - STDOUT:

root - INFO - STDOUT:

root - INFO - STDOUT:

root - INFO - FILE	tuning_tmp/SAMD00491671.pls_mappings.txt
root - INFO - ACTION	compute ground truth file
root - INFO - FILE	output/SAMD00491671.ground_truth.tsv
root - INFO - ACTION	ground truth for SAMD00491757
root - INFO - ACTION	Mapping contigs to plasmids
root - INFO - ACTION	compute blast database for tuning_tmp/SAMD00491757.pls.fasta: tuning_tmp/SAMD00491757.pls.fasta.db
root - INFO - COMMAND makeblastdb -in tuning_tmp/SAMD00491757.pls.fasta -dbtype nucl -out tuning_tmp/SAMD00491757.pls.fasta.db
root - INFO - STDOUT:


Building a new DB, current time: 09/03/2023 12:47:08
New DB name:   /project/6069942/PLASMIDS/USRA_PLASMIDS_2023/bin/PlasBin-flow/example/tuning/tuning_tmp/SAMD00491757.pls.fasta.db
New DB title:  tuning_tmp/SAMD00491757.pls.fasta
Sequence type: Nucleotide
Keep MBits: T
Maximum file size: 1000000000B
Adding sequences from FASTA; added 1 sequences in 0.00127292 seconds.



root - INFO - STDOUT:


Building a new DB, current time: 09/03/2023 12:47:08
New DB name:   /project/6069942/PLASMIDS/USRA_PLASMIDS_2023/bin/PlasBin-flow/example/tuning/tuning_tmp/SAMD00491757.pls.fasta.db
New DB title:  tuning_tmp/SAMD00491757.pls.fasta
Sequence type: Nucleotide
Deleted existing Nucleotide BLAST database named /project/6069942/PLASMIDS/USRA_PLASMIDS_2023/bin/PlasBin-flow/example/tuning/tuning_tmp/SAMD00491757.pls.fasta.db
Keep MBits: T
Maximum file size: 1000000000B
Adding sequences from FASTA; added 1 sequences in 0.00135708 seconds.



root - INFO - STDOUT:


Building a new DB, current time: 09/03/2023 12:47:18
New DB name:   /project/6069942/PLASMIDS/USRA_PLASMIDS_2023/bin/PlasBin-flow/example/tuning/tuning_tmp/SAMD00491757.pls.fasta.db
New DB title:  tuning_tmp/SAMD00491757.pls.fasta
Sequence type: Nucleotide
Deleted existing Nucleotide BLAST database named /project/6069942/PLASMIDS/USRA_PLASMIDS_2023/bin/PlasBin-flow/example/tuning/tuning_tmp/SAMD00491757.pls.fasta.db
Keep MBits: T
Maximum file size: 1000000000B
Adding sequences from FASTA; added 1 sequences in 0.00082016 seconds.



root - INFO - STDOUT:


Building a new DB, current time: 09/03/2023 12:47:20
New DB name:   /project/6069942/PLASMIDS/USRA_PLASMIDS_2023/bin/PlasBin-flow/example/tuning/tuning_tmp/SAMD00491757.pls.fasta.db
New DB title:  tuning_tmp/SAMD00491757.pls.fasta
Sequence type: Nucleotide
Deleted existing Nucleotide BLAST database named /project/6069942/PLASMIDS/USRA_PLASMIDS_2023/bin/PlasBin-flow/example/tuning/tuning_tmp/SAMD00491757.pls.fasta.db
Keep MBits: T
Maximum file size: 1000000000B
Adding sequences from FASTA; added 1 sequences in 0.000813007 seconds.



root - INFO - STDOUT:


Building a new DB, current time: 09/03/2023 12:47:20
New DB name:   /project/6069942/PLASMIDS/USRA_PLASMIDS_2023/bin/PlasBin-flow/example/tuning/tuning_tmp/SAMD00491757.pls.fasta.db
New DB title:  tuning_tmp/SAMD00491757.pls.fasta
Sequence type: Nucleotide
Deleted existing Nucleotide BLAST database named /project/6069942/PLASMIDS/USRA_PLASMIDS_2023/bin/PlasBin-flow/example/tuning/tuning_tmp/SAMD00491757.pls.fasta.db
Keep MBits: T
Maximum file size: 1000000000B
Adding sequences from FASTA; added 1 sequences in 0.00139308 seconds.



root - INFO - ACTION	map tuning_tmp/SAMD00491757.gfa.fasta to tuning_tmp/SAMD00491757.pls.fasta.db
root - INFO - COMMAND blastn -task megablast -query tuning_tmp/SAMD00491757.gfa.fasta -db tuning_tmp/SAMD00491757.pls.fasta.db -out tuning_tmp/SAMD00491757.pls_mappings.txt -outfmt 6
root - INFO - STDOUT:

root - INFO - STDOUT:

root - INFO - STDOUT:

root - INFO - STDOUT:

root - INFO - STDOUT:

root - INFO - FILE	tuning_tmp/SAMD00491757.pls_mappings.txt
root - INFO - ACTION	compute ground truth file
root - INFO - FILE	output/SAMD00491757.ground_truth.tsv
root - INFO - ACTION	ground truth for SAMEA8911316
root - INFO - ACTION	Mapping contigs to plasmids
root - INFO - ACTION	compute blast database for tuning_tmp/SAMEA8911316.pls.fasta: tuning_tmp/SAMEA8911316.pls.fasta.db
root - INFO - COMMAND makeblastdb -in tuning_tmp/SAMEA8911316.pls.fasta -dbtype nucl -out tuning_tmp/SAMEA8911316.pls.fasta.db
root - INFO - STDOUT:


Building a new DB, current time: 09/03/2023 12:47:31
New DB name:   /project/6069942/PLASMIDS/USRA_PLASMIDS_2023/bin/PlasBin-flow/example/tuning/tuning_tmp/SAMEA8911316.pls.fasta.db
New DB title:  tuning_tmp/SAMEA8911316.pls.fasta
Sequence type: Nucleotide
Keep MBits: T
Maximum file size: 1000000000B
Adding sequences from FASTA; added 1 sequences in 0.00174308 seconds.



root - INFO - STDOUT:


Building a new DB, current time: 09/03/2023 12:47:32
New DB name:   /project/6069942/PLASMIDS/USRA_PLASMIDS_2023/bin/PlasBin-flow/example/tuning/tuning_tmp/SAMEA8911316.pls.fasta.db
New DB title:  tuning_tmp/SAMEA8911316.pls.fasta
Sequence type: Nucleotide
Deleted existing Nucleotide BLAST database named /project/6069942/PLASMIDS/USRA_PLASMIDS_2023/bin/PlasBin-flow/example/tuning/tuning_tmp/SAMEA8911316.pls.fasta.db
Keep MBits: T
Maximum file size: 1000000000B
Adding sequences from FASTA; added 1 sequences in 0.00129318 seconds.



root - INFO - STDOUT:


Building a new DB, current time: 09/03/2023 12:47:40
New DB name:   /project/6069942/PLASMIDS/USRA_PLASMIDS_2023/bin/PlasBin-flow/example/tuning/tuning_tmp/SAMEA8911316.pls.fasta.db
New DB title:  tuning_tmp/SAMEA8911316.pls.fasta
Sequence type: Nucleotide
Deleted existing Nucleotide BLAST database named /project/6069942/PLASMIDS/USRA_PLASMIDS_2023/bin/PlasBin-flow/example/tuning/tuning_tmp/SAMEA8911316.pls.fasta.db
Keep MBits: T
Maximum file size: 1000000000B
Adding sequences from FASTA; added 1 sequences in 0.00117588 seconds.



root - INFO - STDOUT:


Building a new DB, current time: 09/03/2023 12:47:49
New DB name:   /project/6069942/PLASMIDS/USRA_PLASMIDS_2023/bin/PlasBin-flow/example/tuning/tuning_tmp/SAMEA8911316.pls.fasta.db
New DB title:  tuning_tmp/SAMEA8911316.pls.fasta
Sequence type: Nucleotide
Deleted existing Nucleotide BLAST database named /project/6069942/PLASMIDS/USRA_PLASMIDS_2023/bin/PlasBin-flow/example/tuning/tuning_tmp/SAMEA8911316.pls.fasta.db
Keep MBits: T
Maximum file size: 1000000000B
Adding sequences from FASTA; added 1 sequences in 0.00140405 seconds.



root - INFO - STDOUT:


Building a new DB, current time: 09/03/2023 12:47:57
New DB name:   /project/6069942/PLASMIDS/USRA_PLASMIDS_2023/bin/PlasBin-flow/example/tuning/tuning_tmp/SAMEA8911316.pls.fasta.db
New DB title:  tuning_tmp/SAMEA8911316.pls.fasta
Sequence type: Nucleotide
Deleted existing Nucleotide BLAST database named /project/6069942/PLASMIDS/USRA_PLASMIDS_2023/bin/PlasBin-flow/example/tuning/tuning_tmp/SAMEA8911316.pls.fasta.db
Keep MBits: T
Maximum file size: 1000000000B
Adding sequences from FASTA; added 1 sequences in 0.00123596 seconds.



root - INFO - ACTION	map tuning_tmp/SAMEA8911316.gfa.fasta to tuning_tmp/SAMEA8911316.pls.fasta.db
root - INFO - COMMAND blastn -task megablast -query tuning_tmp/SAMEA8911316.gfa.fasta -db tuning_tmp/SAMEA8911316.pls.fasta.db -out tuning_tmp/SAMEA8911316.pls_mappings.txt -outfmt 6
root - INFO - STDOUT:

root - INFO - STDOUT:

root - INFO - STDOUT:

root - INFO - STDOUT:

root - INFO - STDOUT:

root - INFO - FILE	tuning_tmp/SAMEA8911316.pls_mappings.txt
root - INFO - ACTION	compute ground truth file
root - INFO - FILE	output/SAMEA8911316.ground_truth.tsv
root - INFO - ACTION	ground truth for SAMN15735178
root - INFO - ACTION	Mapping contigs to plasmids
root - INFO - ACTION	compute blast database for tuning_tmp/SAMN15735178.pls.fasta: tuning_tmp/SAMN15735178.pls.fasta.db
root - INFO - COMMAND makeblastdb -in tuning_tmp/SAMN15735178.pls.fasta -dbtype nucl -out tuning_tmp/SAMN15735178.pls.fasta.db
root - INFO - STDOUT:


Building a new DB, current time: 09/03/2023 12:48:01
New DB name:   /project/6069942/PLASMIDS/USRA_PLASMIDS_2023/bin/PlasBin-flow/example/tuning/tuning_tmp/SAMN15735178.pls.fasta.db
New DB title:  tuning_tmp/SAMN15735178.pls.fasta
Sequence type: Nucleotide
Keep MBits: T
Maximum file size: 1000000000B
Adding sequences from FASTA; added 1 sequences in 0.000756979 seconds.



root - INFO - STDOUT:


Building a new DB, current time: 09/03/2023 12:48:01
New DB name:   /project/6069942/PLASMIDS/USRA_PLASMIDS_2023/bin/PlasBin-flow/example/tuning/tuning_tmp/SAMN15735178.pls.fasta.db
New DB title:  tuning_tmp/SAMN15735178.pls.fasta
Sequence type: Nucleotide
Deleted existing Nucleotide BLAST database named /project/6069942/PLASMIDS/USRA_PLASMIDS_2023/bin/PlasBin-flow/example/tuning/tuning_tmp/SAMN15735178.pls.fasta.db
Keep MBits: T
Maximum file size: 1000000000B
Adding sequences from FASTA; added 1 sequences in 0.000692844 seconds.



root - INFO - STDOUT:


Building a new DB, current time: 09/03/2023 12:48:11
New DB name:   /project/6069942/PLASMIDS/USRA_PLASMIDS_2023/bin/PlasBin-flow/example/tuning/tuning_tmp/SAMN15735178.pls.fasta.db
New DB title:  tuning_tmp/SAMN15735178.pls.fasta
Sequence type: Nucleotide
Deleted existing Nucleotide BLAST database named /project/6069942/PLASMIDS/USRA_PLASMIDS_2023/bin/PlasBin-flow/example/tuning/tuning_tmp/SAMN15735178.pls.fasta.db
Keep MBits: T
Maximum file size: 1000000000B
Adding sequences from FASTA; added 1 sequences in 0.000703812 seconds.



root - INFO - STDOUT:


Building a new DB, current time: 09/03/2023 12:48:20
New DB name:   /project/6069942/PLASMIDS/USRA_PLASMIDS_2023/bin/PlasBin-flow/example/tuning/tuning_tmp/SAMN15735178.pls.fasta.db
New DB title:  tuning_tmp/SAMN15735178.pls.fasta
Sequence type: Nucleotide
Deleted existing Nucleotide BLAST database named /project/6069942/PLASMIDS/USRA_PLASMIDS_2023/bin/PlasBin-flow/example/tuning/tuning_tmp/SAMN15735178.pls.fasta.db
Keep MBits: T
Maximum file size: 1000000000B
Adding sequences from FASTA; added 1 sequences in 0.000950098 seconds.



root - INFO - STDOUT:


Building a new DB, current time: 09/03/2023 12:48:29
New DB name:   /project/6069942/PLASMIDS/USRA_PLASMIDS_2023/bin/PlasBin-flow/example/tuning/tuning_tmp/SAMN15735178.pls.fasta.db
New DB title:  tuning_tmp/SAMN15735178.pls.fasta
Sequence type: Nucleotide
Deleted existing Nucleotide BLAST database named /project/6069942/PLASMIDS/USRA_PLASMIDS_2023/bin/PlasBin-flow/example/tuning/tuning_tmp/SAMN15735178.pls.fasta.db
Keep MBits: T
Maximum file size: 1000000000B
Adding sequences from FASTA; added 1 sequences in 0.00115991 seconds.



root - INFO - ACTION	map tuning_tmp/SAMN15735178.gfa.fasta to tuning_tmp/SAMN15735178.pls.fasta.db
root - INFO - COMMAND blastn -task megablast -query tuning_tmp/SAMN15735178.gfa.fasta -db tuning_tmp/SAMN15735178.pls.fasta.db -out tuning_tmp/SAMN15735178.pls_mappings.txt -outfmt 6
root - INFO - STDOUT:

root - INFO - STDOUT:

root - INFO - STDOUT:

root - INFO - STDOUT:

root - INFO - STDOUT:

root - INFO - FILE	tuning_tmp/SAMN15735178.pls_mappings.txt
root - INFO - ACTION	compute ground truth file
root - INFO - FILE	output/SAMN15735178.ground_truth.tsv
root - INFO - ## Prepare temporary FASTA/GFA files
root - INFO - ACTION	copy assembly files for sample SAMN11056450
root - INFO - FILE	tuning_tmp/SAMN11056450.gfa
root - INFO - FILE	tuning_tmp/SAMN11056450.gfa.fasta
root - INFO - ACTION	copy assembly files for sample SAMD00491671
root - INFO - FILE	tuning_tmp/SAMD00491671.gfa
root - INFO - FILE	tuning_tmp/SAMD00491671.gfa.fasta
root - INFO - ACTION	copy assembly files for sample SAMD00491757
root - INFO - FILE	tuning_tmp/SAMD00491757.gfa
root - INFO - FILE	tuning_tmp/SAMD00491757.gfa.fasta
root - INFO - ACTION	copy assembly files for sample SAMEA8911316
root - INFO - FILE	tuning_tmp/SAMEA8911316.gfa
root - INFO - FILE	tuning_tmp/SAMEA8911316.gfa.fasta
root - INFO - ACTION	copy assembly files for sample SAMN15735178
root - INFO - FILE	tuning_tmp/SAMN15735178.gfa
root - INFO - FILE	tuning_tmp/SAMN15735178.gfa.fasta
root - INFO - ## Mapping plasmid genes database to sample contigs
root - INFO - ACTION Computing genes to contigs mappings for SAMN11056450
root - INFO - ACTION	compute blast database for tuning_tmp/SAMN11056450.gfa.fasta: tuning_tmp/SAMN11056450.gfa.fasta.db
root - INFO - COMMAND makeblastdb -in tuning_tmp/SAMN11056450.gfa.fasta -dbtype nucl -out tuning_tmp/SAMN11056450.gfa.fasta.db
root - INFO - STDOUT:


Building a new DB, current time: 09/03/2023 12:48:33
New DB name:   /project/6069942/PLASMIDS/USRA_PLASMIDS_2023/bin/PlasBin-flow/example/tuning/tuning_tmp/SAMN11056450.gfa.fasta.db
New DB title:  tuning_tmp/SAMN11056450.gfa.fasta
Sequence type: Nucleotide
Keep MBits: T
Maximum file size: 1000000000B
Adding sequences from FASTA; added 65 sequences in 0.023973 seconds.



root - INFO - STDOUT:


Building a new DB, current time: 09/03/2023 12:48:34
New DB name:   /project/6069942/PLASMIDS/USRA_PLASMIDS_2023/bin/PlasBin-flow/example/tuning/tuning_tmp/SAMN11056450.gfa.fasta.db
New DB title:  tuning_tmp/SAMN11056450.gfa.fasta
Sequence type: Nucleotide
Deleted existing Nucleotide BLAST database named /project/6069942/PLASMIDS/USRA_PLASMIDS_2023/bin/PlasBin-flow/example/tuning/tuning_tmp/SAMN11056450.gfa.fasta.db
Keep MBits: T
Maximum file size: 1000000000B
Adding sequences from FASTA; added 65 sequences in 0.023149 seconds.



root - INFO - STDOUT:


Building a new DB, current time: 09/03/2023 12:48:34
New DB name:   /project/6069942/PLASMIDS/USRA_PLASMIDS_2023/bin/PlasBin-flow/example/tuning/tuning_tmp/SAMN11056450.gfa.fasta.db
New DB title:  tuning_tmp/SAMN11056450.gfa.fasta
Sequence type: Nucleotide
Deleted existing Nucleotide BLAST database named /project/6069942/PLASMIDS/USRA_PLASMIDS_2023/bin/PlasBin-flow/example/tuning/tuning_tmp/SAMN11056450.gfa.fasta.db
Keep MBits: T
Maximum file size: 1000000000B
Adding sequences from FASTA; added 65 sequences in 0.03897 seconds.



root - INFO - STDOUT:


Building a new DB, current time: 09/03/2023 12:48:35
New DB name:   /project/6069942/PLASMIDS/USRA_PLASMIDS_2023/bin/PlasBin-flow/example/tuning/tuning_tmp/SAMN11056450.gfa.fasta.db
New DB title:  tuning_tmp/SAMN11056450.gfa.fasta
Sequence type: Nucleotide
Deleted existing Nucleotide BLAST database named /project/6069942/PLASMIDS/USRA_PLASMIDS_2023/bin/PlasBin-flow/example/tuning/tuning_tmp/SAMN11056450.gfa.fasta.db
Keep MBits: T
Maximum file size: 1000000000B
Adding sequences from FASTA; added 65 sequences in 0.068404 seconds.



root - INFO - STDOUT:


Building a new DB, current time: 09/03/2023 12:48:43
New DB name:   /project/6069942/PLASMIDS/USRA_PLASMIDS_2023/bin/PlasBin-flow/example/tuning/tuning_tmp/SAMN11056450.gfa.fasta.db
New DB title:  tuning_tmp/SAMN11056450.gfa.fasta
Sequence type: Nucleotide
Deleted existing Nucleotide BLAST database named /project/6069942/PLASMIDS/USRA_PLASMIDS_2023/bin/PlasBin-flow/example/tuning/tuning_tmp/SAMN11056450.gfa.fasta.db
Keep MBits: T
Maximum file size: 1000000000B
Adding sequences from FASTA; added 65 sequences in 0.089808 seconds.



root - INFO - ACTION	map output/pls.genes.fasta to tuning_tmp/SAMN11056450.gfa.fasta.db
root - INFO - COMMAND blastn -task megablast -query output/pls.genes.fasta -db tuning_tmp/SAMN11056450.gfa.fasta.db -out output/SAMN11056450.genes_mappings.txt -outfmt 6
root - INFO - STDOUT:

root - INFO - STDOUT:

root - INFO - STDOUT:

root - INFO - STDOUT:

root - INFO - STDOUT:

root - INFO - FILE	output/SAMN11056450.genes_mappings.txt
root - INFO - ACTION Computing genes to contigs mappings for SAMD00491671
root - INFO - ACTION	compute blast database for tuning_tmp/SAMD00491671.gfa.fasta: tuning_tmp/SAMD00491671.gfa.fasta.db
root - INFO - COMMAND makeblastdb -in tuning_tmp/SAMD00491671.gfa.fasta -dbtype nucl -out tuning_tmp/SAMD00491671.gfa.fasta.db
root - INFO - STDOUT:


Building a new DB, current time: 09/03/2023 12:48:45
New DB name:   /project/6069942/PLASMIDS/USRA_PLASMIDS_2023/bin/PlasBin-flow/example/tuning/tuning_tmp/SAMD00491671.gfa.fasta.db
New DB title:  tuning_tmp/SAMD00491671.gfa.fasta
Sequence type: Nucleotide
Keep MBits: T
Maximum file size: 1000000000B
Adding sequences from FASTA; added 137 sequences in 0.0414779 seconds.



root - INFO - STDOUT:


Building a new DB, current time: 09/03/2023 12:48:54
New DB name:   /project/6069942/PLASMIDS/USRA_PLASMIDS_2023/bin/PlasBin-flow/example/tuning/tuning_tmp/SAMD00491671.gfa.fasta.db
New DB title:  tuning_tmp/SAMD00491671.gfa.fasta
Sequence type: Nucleotide
Deleted existing Nucleotide BLAST database named /project/6069942/PLASMIDS/USRA_PLASMIDS_2023/bin/PlasBin-flow/example/tuning/tuning_tmp/SAMD00491671.gfa.fasta.db
Keep MBits: T
Maximum file size: 1000000000B
Adding sequences from FASTA; added 137 sequences in 0.056843 seconds.



root - INFO - STDOUT:


Building a new DB, current time: 09/03/2023 12:49:04
New DB name:   /project/6069942/PLASMIDS/USRA_PLASMIDS_2023/bin/PlasBin-flow/example/tuning/tuning_tmp/SAMD00491671.gfa.fasta.db
New DB title:  tuning_tmp/SAMD00491671.gfa.fasta
Sequence type: Nucleotide
Deleted existing Nucleotide BLAST database named /project/6069942/PLASMIDS/USRA_PLASMIDS_2023/bin/PlasBin-flow/example/tuning/tuning_tmp/SAMD00491671.gfa.fasta.db
Keep MBits: T
Maximum file size: 1000000000B
Adding sequences from FASTA; added 137 sequences in 0.0725899 seconds.



root - INFO - STDOUT:


Building a new DB, current time: 09/03/2023 12:49:04
New DB name:   /project/6069942/PLASMIDS/USRA_PLASMIDS_2023/bin/PlasBin-flow/example/tuning/tuning_tmp/SAMD00491671.gfa.fasta.db
New DB title:  tuning_tmp/SAMD00491671.gfa.fasta
Sequence type: Nucleotide
Deleted existing Nucleotide BLAST database named /project/6069942/PLASMIDS/USRA_PLASMIDS_2023/bin/PlasBin-flow/example/tuning/tuning_tmp/SAMD00491671.gfa.fasta.db
Keep MBits: T
Maximum file size: 1000000000B
Adding sequences from FASTA; added 137 sequences in 0.030102 seconds.



root - INFO - STDOUT:


Building a new DB, current time: 09/03/2023 12:49:05
New DB name:   /project/6069942/PLASMIDS/USRA_PLASMIDS_2023/bin/PlasBin-flow/example/tuning/tuning_tmp/SAMD00491671.gfa.fasta.db
New DB title:  tuning_tmp/SAMD00491671.gfa.fasta
Sequence type: Nucleotide
Deleted existing Nucleotide BLAST database named /project/6069942/PLASMIDS/USRA_PLASMIDS_2023/bin/PlasBin-flow/example/tuning/tuning_tmp/SAMD00491671.gfa.fasta.db
Keep MBits: T
Maximum file size: 1000000000B
Adding sequences from FASTA; added 137 sequences in 0.0319729 seconds.



root - INFO - ACTION	map output/pls.genes.fasta to tuning_tmp/SAMD00491671.gfa.fasta.db
root - INFO - COMMAND blastn -task megablast -query output/pls.genes.fasta -db tuning_tmp/SAMD00491671.gfa.fasta.db -out output/SAMD00491671.genes_mappings.txt -outfmt 6
root - INFO - STDOUT:

root - INFO - STDOUT:

root - INFO - STDOUT:

root - INFO - STDOUT:

root - INFO - STDOUT:

root - INFO - FILE	output/SAMD00491671.genes_mappings.txt
root - INFO - ACTION Computing genes to contigs mappings for SAMD00491757
root - INFO - ACTION	compute blast database for tuning_tmp/SAMD00491757.gfa.fasta: tuning_tmp/SAMD00491757.gfa.fasta.db
root - INFO - COMMAND makeblastdb -in tuning_tmp/SAMD00491757.gfa.fasta -dbtype nucl -out tuning_tmp/SAMD00491757.gfa.fasta.db
root - INFO - STDOUT:


Building a new DB, current time: 09/03/2023 12:49:07
New DB name:   /project/6069942/PLASMIDS/USRA_PLASMIDS_2023/bin/PlasBin-flow/example/tuning/tuning_tmp/SAMD00491757.gfa.fasta.db
New DB title:  tuning_tmp/SAMD00491757.gfa.fasta
Sequence type: Nucleotide
Keep MBits: T
Maximum file size: 1000000000B
Adding sequences from FASTA; added 81 sequences in 0.0286491 seconds.



root - INFO - STDOUT:


Building a new DB, current time: 09/03/2023 12:49:08
New DB name:   /project/6069942/PLASMIDS/USRA_PLASMIDS_2023/bin/PlasBin-flow/example/tuning/tuning_tmp/SAMD00491757.gfa.fasta.db
New DB title:  tuning_tmp/SAMD00491757.gfa.fasta
Sequence type: Nucleotide
Deleted existing Nucleotide BLAST database named /project/6069942/PLASMIDS/USRA_PLASMIDS_2023/bin/PlasBin-flow/example/tuning/tuning_tmp/SAMD00491757.gfa.fasta.db
Keep MBits: T
Maximum file size: 1000000000B
Adding sequences from FASTA; added 81 sequences in 0.0346839 seconds.



root - INFO - STDOUT:


Building a new DB, current time: 09/03/2023 12:49:09
New DB name:   /project/6069942/PLASMIDS/USRA_PLASMIDS_2023/bin/PlasBin-flow/example/tuning/tuning_tmp/SAMD00491757.gfa.fasta.db
New DB title:  tuning_tmp/SAMD00491757.gfa.fasta
Sequence type: Nucleotide
Deleted existing Nucleotide BLAST database named /project/6069942/PLASMIDS/USRA_PLASMIDS_2023/bin/PlasBin-flow/example/tuning/tuning_tmp/SAMD00491757.gfa.fasta.db
Keep MBits: T
Maximum file size: 1000000000B
Adding sequences from FASTA; added 81 sequences in 0.0249059 seconds.



root - INFO - STDOUT:


Building a new DB, current time: 09/03/2023 12:49:10
New DB name:   /project/6069942/PLASMIDS/USRA_PLASMIDS_2023/bin/PlasBin-flow/example/tuning/tuning_tmp/SAMD00491757.gfa.fasta.db
New DB title:  tuning_tmp/SAMD00491757.gfa.fasta
Sequence type: Nucleotide
Deleted existing Nucleotide BLAST database named /project/6069942/PLASMIDS/USRA_PLASMIDS_2023/bin/PlasBin-flow/example/tuning/tuning_tmp/SAMD00491757.gfa.fasta.db
Keep MBits: T
Maximum file size: 1000000000B
Adding sequences from FASTA; added 81 sequences in 0.0757232 seconds.



root - INFO - STDOUT:


Building a new DB, current time: 09/03/2023 12:49:11
New DB name:   /project/6069942/PLASMIDS/USRA_PLASMIDS_2023/bin/PlasBin-flow/example/tuning/tuning_tmp/SAMD00491757.gfa.fasta.db
New DB title:  tuning_tmp/SAMD00491757.gfa.fasta
Sequence type: Nucleotide
Deleted existing Nucleotide BLAST database named /project/6069942/PLASMIDS/USRA_PLASMIDS_2023/bin/PlasBin-flow/example/tuning/tuning_tmp/SAMD00491757.gfa.fasta.db
Keep MBits: T
Maximum file size: 1000000000B
Adding sequences from FASTA; added 81 sequences in 0.0382509 seconds.



root - INFO - ACTION	map output/pls.genes.fasta to tuning_tmp/SAMD00491757.gfa.fasta.db
root - INFO - COMMAND blastn -task megablast -query output/pls.genes.fasta -db tuning_tmp/SAMD00491757.gfa.fasta.db -out output/SAMD00491757.genes_mappings.txt -outfmt 6
root - INFO - STDOUT:

root - INFO - STDOUT:

root - INFO - STDOUT:

root - INFO - STDOUT:

root - INFO - STDOUT:

root - INFO - FILE	output/SAMD00491757.genes_mappings.txt
root - INFO - ACTION Computing genes to contigs mappings for SAMEA8911316
root - INFO - ACTION	compute blast database for tuning_tmp/SAMEA8911316.gfa.fasta: tuning_tmp/SAMEA8911316.gfa.fasta.db
root - INFO - COMMAND makeblastdb -in tuning_tmp/SAMEA8911316.gfa.fasta -dbtype nucl -out tuning_tmp/SAMEA8911316.gfa.fasta.db
root - INFO - STDOUT:


Building a new DB, current time: 09/03/2023 12:49:14
New DB name:   /project/6069942/PLASMIDS/USRA_PLASMIDS_2023/bin/PlasBin-flow/example/tuning/tuning_tmp/SAMEA8911316.gfa.fasta.db
New DB title:  tuning_tmp/SAMEA8911316.gfa.fasta
Sequence type: Nucleotide
Keep MBits: T
Maximum file size: 1000000000B
Adding sequences from FASTA; added 63 sequences in 0.0307801 seconds.



root - INFO - STDOUT:


Building a new DB, current time: 09/03/2023 12:49:14
New DB name:   /project/6069942/PLASMIDS/USRA_PLASMIDS_2023/bin/PlasBin-flow/example/tuning/tuning_tmp/SAMEA8911316.gfa.fasta.db
New DB title:  tuning_tmp/SAMEA8911316.gfa.fasta
Sequence type: Nucleotide
Deleted existing Nucleotide BLAST database named /project/6069942/PLASMIDS/USRA_PLASMIDS_2023/bin/PlasBin-flow/example/tuning/tuning_tmp/SAMEA8911316.gfa.fasta.db
Keep MBits: T
Maximum file size: 1000000000B
Adding sequences from FASTA; added 63 sequences in 0.0747201 seconds.



root - INFO - STDOUT:


Building a new DB, current time: 09/03/2023 12:49:15
New DB name:   /project/6069942/PLASMIDS/USRA_PLASMIDS_2023/bin/PlasBin-flow/example/tuning/tuning_tmp/SAMEA8911316.gfa.fasta.db
New DB title:  tuning_tmp/SAMEA8911316.gfa.fasta
Sequence type: Nucleotide
Deleted existing Nucleotide BLAST database named /project/6069942/PLASMIDS/USRA_PLASMIDS_2023/bin/PlasBin-flow/example/tuning/tuning_tmp/SAMEA8911316.gfa.fasta.db
Keep MBits: T
Maximum file size: 1000000000B
Adding sequences from FASTA; added 63 sequences in 0.026088 seconds.



root - INFO - STDOUT:


Building a new DB, current time: 09/03/2023 12:49:16
New DB name:   /project/6069942/PLASMIDS/USRA_PLASMIDS_2023/bin/PlasBin-flow/example/tuning/tuning_tmp/SAMEA8911316.gfa.fasta.db
New DB title:  tuning_tmp/SAMEA8911316.gfa.fasta
Sequence type: Nucleotide
Deleted existing Nucleotide BLAST database named /project/6069942/PLASMIDS/USRA_PLASMIDS_2023/bin/PlasBin-flow/example/tuning/tuning_tmp/SAMEA8911316.gfa.fasta.db
Keep MBits: T
Maximum file size: 1000000000B
Adding sequences from FASTA; added 63 sequences in 0.041147 seconds.



root - INFO - STDOUT:


Building a new DB, current time: 09/03/2023 12:49:25
New DB name:   /project/6069942/PLASMIDS/USRA_PLASMIDS_2023/bin/PlasBin-flow/example/tuning/tuning_tmp/SAMEA8911316.gfa.fasta.db
New DB title:  tuning_tmp/SAMEA8911316.gfa.fasta
Sequence type: Nucleotide
Deleted existing Nucleotide BLAST database named /project/6069942/PLASMIDS/USRA_PLASMIDS_2023/bin/PlasBin-flow/example/tuning/tuning_tmp/SAMEA8911316.gfa.fasta.db
Keep MBits: T
Maximum file size: 1000000000B
Adding sequences from FASTA; added 63 sequences in 0.022598 seconds.



root - INFO - ACTION	map output/pls.genes.fasta to tuning_tmp/SAMEA8911316.gfa.fasta.db
root - INFO - COMMAND blastn -task megablast -query output/pls.genes.fasta -db tuning_tmp/SAMEA8911316.gfa.fasta.db -out output/SAMEA8911316.genes_mappings.txt -outfmt 6
root - INFO - STDOUT:

root - INFO - STDOUT:

root - INFO - STDOUT:

root - INFO - STDOUT:

root - INFO - STDOUT:

root - INFO - FILE	output/SAMEA8911316.genes_mappings.txt
root - INFO - ACTION Computing genes to contigs mappings for SAMN15735178
root - INFO - ACTION	compute blast database for tuning_tmp/SAMN15735178.gfa.fasta: tuning_tmp/SAMN15735178.gfa.fasta.db
root - INFO - COMMAND makeblastdb -in tuning_tmp/SAMN15735178.gfa.fasta -dbtype nucl -out tuning_tmp/SAMN15735178.gfa.fasta.db
root - INFO - STDOUT:


Building a new DB, current time: 09/03/2023 12:49:28
New DB name:   /project/6069942/PLASMIDS/USRA_PLASMIDS_2023/bin/PlasBin-flow/example/tuning/tuning_tmp/SAMN15735178.gfa.fasta.db
New DB title:  tuning_tmp/SAMN15735178.gfa.fasta
Sequence type: Nucleotide
Keep MBits: T
Maximum file size: 1000000000B
Adding sequences from FASTA; added 114 sequences in 0.0361149 seconds.



root - INFO - STDOUT:


Building a new DB, current time: 09/03/2023 12:49:29
New DB name:   /project/6069942/PLASMIDS/USRA_PLASMIDS_2023/bin/PlasBin-flow/example/tuning/tuning_tmp/SAMN15735178.gfa.fasta.db
New DB title:  tuning_tmp/SAMN15735178.gfa.fasta
Sequence type: Nucleotide
Deleted existing Nucleotide BLAST database named /project/6069942/PLASMIDS/USRA_PLASMIDS_2023/bin/PlasBin-flow/example/tuning/tuning_tmp/SAMN15735178.gfa.fasta.db
Keep MBits: T
Maximum file size: 1000000000B
Adding sequences from FASTA; added 114 sequences in 0.032259 seconds.



root - INFO - STDOUT:


Building a new DB, current time: 09/03/2023 12:49:30
New DB name:   /project/6069942/PLASMIDS/USRA_PLASMIDS_2023/bin/PlasBin-flow/example/tuning/tuning_tmp/SAMN15735178.gfa.fasta.db
New DB title:  tuning_tmp/SAMN15735178.gfa.fasta
Sequence type: Nucleotide
Deleted existing Nucleotide BLAST database named /project/6069942/PLASMIDS/USRA_PLASMIDS_2023/bin/PlasBin-flow/example/tuning/tuning_tmp/SAMN15735178.gfa.fasta.db
Keep MBits: T
Maximum file size: 1000000000B
Adding sequences from FASTA; added 114 sequences in 0.0294671 seconds.



root - INFO - STDOUT:


Building a new DB, current time: 09/03/2023 12:49:39
New DB name:   /project/6069942/PLASMIDS/USRA_PLASMIDS_2023/bin/PlasBin-flow/example/tuning/tuning_tmp/SAMN15735178.gfa.fasta.db
New DB title:  tuning_tmp/SAMN15735178.gfa.fasta
Sequence type: Nucleotide
Deleted existing Nucleotide BLAST database named /project/6069942/PLASMIDS/USRA_PLASMIDS_2023/bin/PlasBin-flow/example/tuning/tuning_tmp/SAMN15735178.gfa.fasta.db
Keep MBits: T
Maximum file size: 1000000000B
Adding sequences from FASTA; added 114 sequences in 0.047914 seconds.



root - INFO - STDOUT:


Building a new DB, current time: 09/03/2023 12:49:40
New DB name:   /project/6069942/PLASMIDS/USRA_PLASMIDS_2023/bin/PlasBin-flow/example/tuning/tuning_tmp/SAMN15735178.gfa.fasta.db
New DB title:  tuning_tmp/SAMN15735178.gfa.fasta
Sequence type: Nucleotide
Deleted existing Nucleotide BLAST database named /project/6069942/PLASMIDS/USRA_PLASMIDS_2023/bin/PlasBin-flow/example/tuning/tuning_tmp/SAMN15735178.gfa.fasta.db
Keep MBits: T
Maximum file size: 1000000000B
Adding sequences from FASTA; added 114 sequences in 0.029377 seconds.



root - INFO - ACTION	map output/pls.genes.fasta to tuning_tmp/SAMN15735178.gfa.fasta.db
root - INFO - COMMAND blastn -task megablast -query output/pls.genes.fasta -db tuning_tmp/SAMN15735178.gfa.fasta.db -out output/SAMN15735178.genes_mappings.txt -outfmt 6
root - INFO - STDOUT:

root - INFO - STDOUT:

root - INFO - STDOUT:

root - INFO - STDOUT:

root - INFO - STDOUT:

root - INFO - FILE	output/SAMN15735178.genes_mappings.txt
root - INFO - ## Compute gene density and create new dataset CSV file
root - INFO - ACTION	compute gene density for SAMN11056450
root - INFO - FILE	output/SAMN11056450.gd.tsv
root - INFO - ACTION	compute gene density for SAMD00491671
root - INFO - FILE	output/SAMD00491671.gd.tsv
root - INFO - ACTION	compute gene density for SAMD00491757
root - INFO - FILE	output/SAMD00491757.gd.tsv
root - INFO - ACTION	compute gene density for SAMEA8911316
root - INFO - FILE	output/SAMEA8911316.gd.tsv
root - INFO - ACTION	compute gene density for SAMN15735178
root - INFO - FILE	output/SAMN15735178.gd.tsv
root - INFO - ## Compute seeds parameters file
root - INFO - ACTION	create plasmids seeds input file
root - INFO - FILE	tuning_tmp/seeds_input.csv
root - INFO - ACTION	create seeds parameters file
root - INFO - 1347 optimal seeds paramaters were found
root - INFO - FILE	output/seeds.tsv
root - INFO - FILE	tuning_output.csv
